[INFO] 2023-04-21 10:02:06 [class:com.boot.test.App]-Starting App on LAPTOP-OKAUR9GJ with PID 15396 (G:\worlingArea\MyProject\SpringCompleteStudyNotes\Spring_Boot_JSP\target\classes started by msl in G:\worlingArea\MyProject\SpringCompleteStudyNotes\Spring_Boot_JSP)
[INFO] 2023-04-21 10:02:06 [class:com.boot.test.App]-No active profile set, falling back to default profiles: default
[INFO] 2023-04-21 10:02:06 [class:org.springframework.boot.context.embedded.AnnotationConfigEmbeddedWebApplicationContext]-Refreshing org.springframework.boot.context.embedded.AnnotationConfigEmbeddedWebApplicationContext@2fc0368c: startup date [Fri Apr 21 10:02:06 CST 2023]; root of context hierarchy
[INFO] 2023-04-21 10:02:06 [class:org.hibernate.validator.internal.util.Version]-HV000001: Hibernate Validator 5.2.4.Final
[INFO] 2023-04-21 10:02:07 [class:org.springframework.beans.factory.support.DefaultListableBeanFactory]-Overriding bean definition for bean 'beanNameViewResolver' with a different definition: replacing [Root bean: class [null]; scope=; abstract=false; lazyInit=false; autowireMode=3; dependencyCheck=0; autowireCandidate=true; primary=false; factoryBeanName=org.springframework.boot.autoconfigure.web.ErrorMvcAutoConfiguration$WhitelabelErrorViewConfiguration; factoryMethodName=beanNameViewResolver; initMethodName=null; destroyMethodName=(inferred); defined in class path resource [org/springframework/boot/autoconfigure/web/ErrorMvcAutoConfiguration$WhitelabelErrorViewConfiguration.class]] with [Root bean: class [null]; scope=; abstract=false; lazyInit=false; autowireMode=3; dependencyCheck=0; autowireCandidate=true; primary=false; factoryBeanName=org.springframework.boot.autoconfigure.web.WebMvcAutoConfiguration$WebMvcAutoConfigurationAdapter; factoryMethodName=beanNameViewResolver; initMethodName=null; destroyMethodName=(inferred); defined in class path resource [org/springframework/boot/autoconfigure/web/WebMvcAutoConfiguration$WebMvcAutoConfigurationAdapter.class]]
[INFO] 2023-04-21 10:02:07 [class:org.springframework.boot.context.embedded.tomcat.TomcatEmbeddedServletContainer]-Tomcat initialized with port(s): 8080 (http)
[INFO] 2023-04-21 10:02:08 [class:org.springframework.web.context.ContextLoader]-Root WebApplicationContext: initialization completed in 1431 ms
[INFO] 2023-04-21 10:02:08 [class:org.springframework.boot.context.embedded.ServletRegistrationBean]-Mapping servlet: 'dispatcherServlet' to [/]
[INFO] 2023-04-21 10:02:08 [class:org.springframework.boot.context.embedded.ServletRegistrationBean]-Mapping servlet: 'servlet1' to [/myServlet/*]
[INFO] 2023-04-21 10:02:08 [class:org.springframework.boot.context.embedded.ServletRegistrationBean]-Mapping servlet: 'servlet2' to [/myServlet2/*]
[INFO] 2023-04-21 10:02:08 [class:org.springframework.boot.context.embedded.FilterRegistrationBean]-Mapping filter: 'characterEncodingFilter' to: [/*]
[INFO] 2023-04-21 10:02:08 [class:org.springframework.boot.context.embedded.FilterRegistrationBean]-Mapping filter: 'hiddenHttpMethodFilter' to: [/*]
[INFO] 2023-04-21 10:02:08 [class:org.springframework.boot.context.embedded.FilterRegistrationBean]-Mapping filter: 'httpPutFormContentFilter' to: [/*]
[INFO] 2023-04-21 10:02:08 [class:org.springframework.boot.context.embedded.FilterRegistrationBean]-Mapping filter: 'requestContextFilter' to: [/*]
[INFO] 2023-04-21 10:02:08 [class:org.springframework.boot.context.embedded.FilterRegistrationBean]-Mapping filter: 'myFilter' to urls: [/*]
[INFO] 2023-04-21 10:02:08 [class:com.boot.test.Linstener.myListener]-contextInitialized
[INFO] 2023-04-21 10:02:08 [class:com.boot.test.Filter.myFilter]-init()
[INFO] 2023-04-21 10:02:08 [class:org.springframework.web.servlet.mvc.method.annotation.RequestMappingHandlerAdapter]-Looking for @ControllerAdvice: org.springframework.boot.context.embedded.AnnotationConfigEmbeddedWebApplicationContext@2fc0368c: startup date [Fri Apr 21 10:02:06 CST 2023]; root of context hierarchy
[INFO] 2023-04-21 10:02:08 [class:org.springframework.web.servlet.mvc.method.annotation.RequestMappingHandlerMapping]-Mapped "{[/index]}" onto public java.lang.String com.boot.test.controller.HelloJSPController.hello(org.springframework.ui.ModelMap)
[INFO] 2023-04-21 10:02:08 [class:org.springframework.web.servlet.mvc.method.annotation.RequestMappingHandlerMapping]-Mapped "{[/error]}" onto public org.springframework.http.ResponseEntity<java.util.Map<java.lang.String, java.lang.Object>> org.springframework.boot.autoconfigure.web.BasicErrorController.error(javax.servlet.http.HttpServletRequest)
[INFO] 2023-04-21 10:02:08 [class:org.springframework.web.servlet.mvc.method.annotation.RequestMappingHandlerMapping]-Mapped "{[/error],produces=[text/html]}" onto public org.springframework.web.servlet.ModelAndView org.springframework.boot.autoconfigure.web.BasicErrorController.errorHtml(javax.servlet.http.HttpServletRequest,javax.servlet.http.HttpServletResponse)
[INFO] 2023-04-21 10:02:08 [class:org.springframework.web.servlet.handler.SimpleUrlHandlerMapping]-Mapped URL path [/webjars/**] onto handler of type [class org.springframework.web.servlet.resource.ResourceHttpRequestHandler]
[INFO] 2023-04-21 10:02:08 [class:org.springframework.web.servlet.handler.SimpleUrlHandlerMapping]-Mapped URL path [/**] onto handler of type [class org.springframework.web.servlet.resource.ResourceHttpRequestHandler]
[INFO] 2023-04-21 10:02:08 [class:org.springframework.web.servlet.handler.SimpleUrlHandlerMapping]-Mapped URL path [/**/favicon.ico] onto handler of type [class org.springframework.web.servlet.resource.ResourceHttpRequestHandler]
[INFO] 2023-04-21 10:02:08 [class:org.springframework.jmx.export.annotation.AnnotationMBeanExporter]-Registering beans for JMX exposure on startup
[INFO] 2023-04-21 10:02:09 [class:org.springframework.boot.context.embedded.tomcat.TomcatEmbeddedServletContainer]-Tomcat started on port(s): 8080 (http)
[INFO] 2023-04-21 10:02:09 [class:com.boot.test.App]-Started App in 2.667 seconds (JVM running for 7.206)
[INFO] 2023-04-21 10:02:43 [class:org.springframework.boot.context.embedded.AnnotationConfigEmbeddedWebApplicationContext]-Closing org.springframework.boot.context.embedded.AnnotationConfigEmbeddedWebApplicationContext@2fc0368c: startup date [Fri Apr 21 10:02:06 CST 2023]; root of context hierarchy
[INFO] 2023-04-21 10:02:43 [class:org.springframework.jmx.export.annotation.AnnotationMBeanExporter]-Unregistering JMX-exposed beans on shutdown
[INFO] 2023-04-21 10:02:43 [class:com.boot.test.Filter.myFilter]-destroy()
[INFO] 2023-04-21 10:02:43 [class:com.boot.test.Linstener.myListener]-contextDestroyed
[INFO] 2023-04-21 10:02:47 [class:com.boot.test.App]-Starting App on LAPTOP-OKAUR9GJ with PID 4524 (G:\worlingArea\MyProject\SpringCompleteStudyNotes\Spring_Boot_JSP\target\classes started by msl in G:\worlingArea\MyProject\SpringCompleteStudyNotes\Spring_Boot_JSP)
[INFO] 2023-04-21 10:02:47 [class:com.boot.test.App]-No active profile set, falling back to default profiles: default
[INFO] 2023-04-21 10:02:47 [class:org.springframework.boot.context.embedded.AnnotationConfigEmbeddedWebApplicationContext]-Refreshing org.springframework.boot.context.embedded.AnnotationConfigEmbeddedWebApplicationContext@33a8db43: startup date [Fri Apr 21 10:02:47 CST 2023]; root of context hierarchy
[INFO] 2023-04-21 10:02:47 [class:org.hibernate.validator.internal.util.Version]-HV000001: Hibernate Validator 5.2.4.Final
[INFO] 2023-04-21 10:02:47 [class:org.springframework.beans.factory.support.DefaultListableBeanFactory]-Overriding bean definition for bean 'beanNameViewResolver' with a different definition: replacing [Root bean: class [null]; scope=; abstract=false; lazyInit=false; autowireMode=3; dependencyCheck=0; autowireCandidate=true; primary=false; factoryBeanName=org.springframework.boot.autoconfigure.web.ErrorMvcAutoConfiguration$WhitelabelErrorViewConfiguration; factoryMethodName=beanNameViewResolver; initMethodName=null; destroyMethodName=(inferred); defined in class path resource [org/springframework/boot/autoconfigure/web/ErrorMvcAutoConfiguration$WhitelabelErrorViewConfiguration.class]] with [Root bean: class [null]; scope=; abstract=false; lazyInit=false; autowireMode=3; dependencyCheck=0; autowireCandidate=true; primary=false; factoryBeanName=org.springframework.boot.autoconfigure.web.WebMvcAutoConfiguration$WebMvcAutoConfigurationAdapter; factoryMethodName=beanNameViewResolver; initMethodName=null; destroyMethodName=(inferred); defined in class path resource [org/springframework/boot/autoconfigure/web/WebMvcAutoConfiguration$WebMvcAutoConfigurationAdapter.class]]
[INFO] 2023-04-21 10:02:48 [class:org.springframework.boot.context.embedded.tomcat.TomcatEmbeddedServletContainer]-Tomcat initialized with port(s): 8080 (http)
[INFO] 2023-04-21 10:02:48 [class:org.springframework.web.context.ContextLoader]-Root WebApplicationContext: initialization completed in 1106 ms
[INFO] 2023-04-21 10:02:48 [class:org.springframework.boot.context.embedded.ServletRegistrationBean]-Mapping servlet: 'dispatcherServlet' to [/]
[INFO] 2023-04-21 10:02:48 [class:org.springframework.boot.context.embedded.ServletRegistrationBean]-Mapping servlet: 'servlet1' to [/myServlet/*]
[INFO] 2023-04-21 10:02:48 [class:org.springframework.boot.context.embedded.ServletRegistrationBean]-Mapping servlet: 'servlet2' to [/myServlet2/*]
[INFO] 2023-04-21 10:02:48 [class:org.springframework.boot.context.embedded.FilterRegistrationBean]-Mapping filter: 'characterEncodingFilter' to: [/*]
[INFO] 2023-04-21 10:02:48 [class:org.springframework.boot.context.embedded.FilterRegistrationBean]-Mapping filter: 'hiddenHttpMethodFilter' to: [/*]
[INFO] 2023-04-21 10:02:48 [class:org.springframework.boot.context.embedded.FilterRegistrationBean]-Mapping filter: 'httpPutFormContentFilter' to: [/*]
[INFO] 2023-04-21 10:02:48 [class:org.springframework.boot.context.embedded.FilterRegistrationBean]-Mapping filter: 'requestContextFilter' to: [/*]
[INFO] 2023-04-21 10:02:48 [class:org.springframework.boot.context.embedded.FilterRegistrationBean]-Mapping filter: 'myFilter' to urls: [/*]
[INFO] 2023-04-21 10:02:48 [class:com.boot.test.Linstener.myListener]-contextInitialized
[INFO] 2023-04-21 10:02:48 [class:com.boot.test.Filter.myFilter]-init()
[INFO] 2023-04-21 10:02:48 [class:org.springframework.web.servlet.mvc.method.annotation.RequestMappingHandlerAdapter]-Looking for @ControllerAdvice: org.springframework.boot.context.embedded.AnnotationConfigEmbeddedWebApplicationContext@33a8db43: startup date [Fri Apr 21 10:02:47 CST 2023]; root of context hierarchy
[INFO] 2023-04-21 10:02:49 [class:org.springframework.web.servlet.mvc.method.annotation.RequestMappingHandlerMapping]-Mapped "{[/index]}" onto public java.lang.String com.boot.test.controller.HelloJSPController.hello(org.springframework.ui.ModelMap)
[INFO] 2023-04-21 10:02:49 [class:org.springframework.web.servlet.mvc.method.annotation.RequestMappingHandlerMapping]-Mapped "{[/error]}" onto public org.springframework.http.ResponseEntity<java.util.Map<java.lang.String, java.lang.Object>> org.springframework.boot.autoconfigure.web.BasicErrorController.error(javax.servlet.http.HttpServletRequest)
[INFO] 2023-04-21 10:02:49 [class:org.springframework.web.servlet.mvc.method.annotation.RequestMappingHandlerMapping]-Mapped "{[/error],produces=[text/html]}" onto public org.springframework.web.servlet.ModelAndView org.springframework.boot.autoconfigure.web.BasicErrorController.errorHtml(javax.servlet.http.HttpServletRequest,javax.servlet.http.HttpServletResponse)
[INFO] 2023-04-21 10:02:49 [class:org.springframework.web.servlet.handler.SimpleUrlHandlerMapping]-Mapped URL path [/webjars/**] onto handler of type [class org.springframework.web.servlet.resource.ResourceHttpRequestHandler]
[INFO] 2023-04-21 10:02:49 [class:org.springframework.web.servlet.handler.SimpleUrlHandlerMapping]-Mapped URL path [/**] onto handler of type [class org.springframework.web.servlet.resource.ResourceHttpRequestHandler]
[INFO] 2023-04-21 10:02:49 [class:org.springframework.web.servlet.handler.SimpleUrlHandlerMapping]-Mapped URL path [/**/favicon.ico] onto handler of type [class org.springframework.web.servlet.resource.ResourceHttpRequestHandler]
[INFO] 2023-04-21 10:02:49 [class:org.springframework.jmx.export.annotation.AnnotationMBeanExporter]-Registering beans for JMX exposure on startup
[INFO] 2023-04-21 10:02:49 [class:org.springframework.boot.context.embedded.tomcat.TomcatEmbeddedServletContainer]-Tomcat started on port(s): 8080 (http)
[INFO] 2023-04-21 10:02:49 [class:com.boot.test.App]-Started App in 2.128 seconds (JVM running for 5.404)
[INFO] 2023-04-21 10:03:12 [class:org.springframework.web.servlet.DispatcherServlet]-FrameworkServlet 'dispatcherServlet': initialization started
[INFO] 2023-04-21 10:03:12 [class:org.springframework.web.servlet.DispatcherServlet]-FrameworkServlet 'dispatcherServlet': initialization completed in 26 ms
[INFO] 2023-04-21 10:03:12 [class:com.boot.test.Filter.myFilter]-doFilter()
[INFO] 2023-04-21 10:03:12 [class:com.boot.test.Filter.myFilter]-before filter
[INFO] 2023-04-21 10:03:12 [class:com.boot.test.interceptors.MyInterceptor1]-preHandle...
[INFO] 2023-04-21 10:03:12 [class:com.boot.test.interceptors.MyInterceptor2]-MyInterceptor2 中 preHandle....
[INFO] 2023-04-21 10:03:16 [class:com.boot.test.interceptors.MyInterceptor2]-MyInterceptor2 中 postHandle....
[INFO] 2023-04-21 10:03:16 [class:com.boot.test.interceptors.MyInterceptor1]-postHandle...
[INFO] 2023-04-21 10:03:16 [class:com.boot.test.interceptors.MyInterceptor2]-MyInterceptor2 中 afterCompletion....
[INFO] 2023-04-21 10:03:16 [class:com.boot.test.interceptors.MyInterceptor1]-afterCompletion......
[INFO] 2023-04-21 10:03:16 [class:com.boot.test.Filter.myFilter]-after filter
[INFO] 2023-04-21 10:45:39 [class:org.springframework.boot.context.embedded.AnnotationConfigEmbeddedWebApplicationContext]-Closing org.springframework.boot.context.embedded.AnnotationConfigEmbeddedWebApplicationContext@33a8db43: startup date [Fri Apr 21 10:02:47 CST 2023]; root of context hierarchy
[INFO] 2023-04-21 10:45:39 [class:org.springframework.jmx.export.annotation.AnnotationMBeanExporter]-Unregistering JMX-exposed beans on shutdown
[INFO] 2023-04-21 10:45:39 [class:com.boot.test.Filter.myFilter]-destroy()
[INFO] 2023-04-21 10:45:39 [class:com.boot.test.Linstener.myListener]-contextDestroyed
[INFO] 2023-04-21 10:45:43 [class:com.boot.test.App]-Starting App on LAPTOP-OKAUR9GJ with PID 20112 (G:\worlingArea\MyProject\SpringCompleteStudyNotes\Spring_Boot_JSP\target\classes started by msl in G:\worlingArea\MyProject\SpringCompleteStudyNotes\Spring_Boot_JSP)
[INFO] 2023-04-21 10:45:43 [class:com.boot.test.App]-No active profile set, falling back to default profiles: default
[INFO] 2023-04-21 10:45:43 [class:org.springframework.boot.context.embedded.AnnotationConfigEmbeddedWebApplicationContext]-Refreshing org.springframework.boot.context.embedded.AnnotationConfigEmbeddedWebApplicationContext@718cbe23: startup date [Fri Apr 21 10:45:43 CST 2023]; root of context hierarchy
[INFO] 2023-04-21 10:45:43 [class:org.hibernate.validator.internal.util.Version]-HV000001: Hibernate Validator 5.2.4.Final
[INFO] 2023-04-21 10:45:43 [class:org.springframework.beans.factory.support.DefaultListableBeanFactory]-Overriding bean definition for bean 'beanNameViewResolver' with a different definition: replacing [Root bean: class [null]; scope=; abstract=false; lazyInit=false; autowireMode=3; dependencyCheck=0; autowireCandidate=true; primary=false; factoryBeanName=org.springframework.boot.autoconfigure.web.ErrorMvcAutoConfiguration$WhitelabelErrorViewConfiguration; factoryMethodName=beanNameViewResolver; initMethodName=null; destroyMethodName=(inferred); defined in class path resource [org/springframework/boot/autoconfigure/web/ErrorMvcAutoConfiguration$WhitelabelErrorViewConfiguration.class]] with [Root bean: class [null]; scope=; abstract=false; lazyInit=false; autowireMode=3; dependencyCheck=0; autowireCandidate=true; primary=false; factoryBeanName=org.springframework.boot.autoconfigure.web.WebMvcAutoConfiguration$WebMvcAutoConfigurationAdapter; factoryMethodName=beanNameViewResolver; initMethodName=null; destroyMethodName=(inferred); defined in class path resource [org/springframework/boot/autoconfigure/web/WebMvcAutoConfiguration$WebMvcAutoConfigurationAdapter.class]]
[INFO] 2023-04-21 10:45:44 [class:org.springframework.boot.context.embedded.tomcat.TomcatEmbeddedServletContainer]-Tomcat initialized with port(s): 8080 (http)
[INFO] 2023-04-21 10:45:44 [class:org.springframework.web.context.ContextLoader]-Root WebApplicationContext: initialization completed in 1200 ms
[INFO] 2023-04-21 10:45:44 [class:org.springframework.boot.context.embedded.ServletRegistrationBean]-Mapping servlet: 'dispatcherServlet' to [/]
[INFO] 2023-04-21 10:45:44 [class:org.springframework.boot.context.embedded.ServletRegistrationBean]-Mapping servlet: 'servlet1' to [/myServlet/*]
[INFO] 2023-04-21 10:45:44 [class:org.springframework.boot.context.embedded.ServletRegistrationBean]-Mapping servlet: 'servlet2' to [/myServlet2/*]
[INFO] 2023-04-21 10:45:44 [class:org.springframework.boot.context.embedded.FilterRegistrationBean]-Mapping filter: 'characterEncodingFilter' to: [/*]
[INFO] 2023-04-21 10:45:44 [class:org.springframework.boot.context.embedded.FilterRegistrationBean]-Mapping filter: 'hiddenHttpMethodFilter' to: [/*]
[INFO] 2023-04-21 10:45:44 [class:org.springframework.boot.context.embedded.FilterRegistrationBean]-Mapping filter: 'httpPutFormContentFilter' to: [/*]
[INFO] 2023-04-21 10:45:44 [class:org.springframework.boot.context.embedded.FilterRegistrationBean]-Mapping filter: 'requestContextFilter' to: [/*]
[INFO] 2023-04-21 10:45:44 [class:org.springframework.boot.context.embedded.FilterRegistrationBean]-Mapping filter: 'myFilter' to urls: [/*]
[INFO] 2023-04-21 10:45:44 [class:com.boot.test.Linstener.myListener]-contextInitialized
[INFO] 2023-04-21 10:45:44 [class:com.boot.test.Filter.myFilter]-init()
[INFO] 2023-04-21 10:45:44 [class:org.springframework.web.servlet.mvc.method.annotation.RequestMappingHandlerAdapter]-Looking for @ControllerAdvice: org.springframework.boot.context.embedded.AnnotationConfigEmbeddedWebApplicationContext@718cbe23: startup date [Fri Apr 21 10:45:43 CST 2023]; root of context hierarchy
[INFO] 2023-04-21 10:45:45 [class:org.springframework.web.servlet.mvc.method.annotation.RequestMappingHandlerMapping]-Mapped "{[/index]}" onto public java.lang.String com.boot.test.controller.HelloJSPController.hello(org.springframework.ui.ModelMap)
[INFO] 2023-04-21 10:45:45 [class:org.springframework.web.servlet.mvc.method.annotation.RequestMappingHandlerMapping]-Mapped "{[/error]}" onto public org.springframework.http.ResponseEntity<java.util.Map<java.lang.String, java.lang.Object>> org.springframework.boot.autoconfigure.web.BasicErrorController.error(javax.servlet.http.HttpServletRequest)
[INFO] 2023-04-21 10:45:45 [class:org.springframework.web.servlet.mvc.method.annotation.RequestMappingHandlerMapping]-Mapped "{[/error],produces=[text/html]}" onto public org.springframework.web.servlet.ModelAndView org.springframework.boot.autoconfigure.web.BasicErrorController.errorHtml(javax.servlet.http.HttpServletRequest,javax.servlet.http.HttpServletResponse)
[INFO] 2023-04-21 10:45:45 [class:org.springframework.web.servlet.handler.SimpleUrlHandlerMapping]-Mapped URL path [/webjars/**] onto handler of type [class org.springframework.web.servlet.resource.ResourceHttpRequestHandler]
[INFO] 2023-04-21 10:45:45 [class:org.springframework.web.servlet.handler.SimpleUrlHandlerMapping]-Mapped URL path [/**] onto handler of type [class org.springframework.web.servlet.resource.ResourceHttpRequestHandler]
[INFO] 2023-04-21 10:45:45 [class:org.springframework.web.servlet.handler.SimpleUrlHandlerMapping]-Mapped URL path [/**/favicon.ico] onto handler of type [class org.springframework.web.servlet.resource.ResourceHttpRequestHandler]
[INFO] 2023-04-21 10:45:45 [class:org.springframework.jmx.export.annotation.AnnotationMBeanExporter]-Registering beans for JMX exposure on startup
[INFO] 2023-04-21 10:45:45 [class:org.springframework.boot.context.embedded.tomcat.TomcatEmbeddedServletContainer]-Tomcat started on port(s): 8080 (http)
[INFO] 2023-04-21 10:45:45 [class:com.boot.test.runner.MyCommandRunner1]-执行启动任务*******01
[INFO] 2023-04-21 10:45:45 [class:com.boot.test.runner.MyCommandRunner2]-执行启动任务******02
[INFO] 2023-04-21 10:45:45 [class:com.boot.test.App]-Started App in 2.203 seconds (JVM running for 6.028)
[INFO] 2023-04-21 11:13:24 [class:org.springframework.boot.context.embedded.AnnotationConfigEmbeddedWebApplicationContext]-Closing org.springframework.boot.context.embedded.AnnotationConfigEmbeddedWebApplicationContext@718cbe23: startup date [Fri Apr 21 10:45:43 CST 2023]; root of context hierarchy
[INFO] 2023-04-21 11:13:24 [class:org.springframework.jmx.export.annotation.AnnotationMBeanExporter]-Unregistering JMX-exposed beans on shutdown
[INFO] 2023-04-21 11:13:24 [class:com.boot.test.Filter.myFilter]-destroy()
[INFO] 2023-04-21 11:13:24 [class:com.boot.test.Linstener.myListener]-contextDestroyed
[INFO] 2023-04-21 11:14:35 [class:com.boot.test.App]-Starting App on LAPTOP-OKAUR9GJ with PID 14488 (G:\worlingArea\MyProject\SpringCompleteStudyNotes\Spring_Boot_JSP\target\classes started by msl in G:\worlingArea\MyProject\SpringCompleteStudyNotes\Spring_Boot_JSP)
[INFO] 2023-04-21 11:14:35 [class:com.boot.test.App]-No active profile set, falling back to default profiles: default
[INFO] 2023-04-21 11:14:35 [class:org.springframework.boot.context.embedded.AnnotationConfigEmbeddedWebApplicationContext]-Refreshing org.springframework.boot.context.embedded.AnnotationConfigEmbeddedWebApplicationContext@2f67efe9: startup date [Fri Apr 21 11:14:35 CST 2023]; root of context hierarchy
[INFO] 2023-04-21 11:14:36 [class:org.hibernate.validator.internal.util.Version]-HV000001: Hibernate Validator 5.2.4.Final
[INFO] 2023-04-21 11:14:36 [class:org.springframework.beans.factory.support.DefaultListableBeanFactory]-Overriding bean definition for bean 'beanNameViewResolver' with a different definition: replacing [Root bean: class [null]; scope=; abstract=false; lazyInit=false; autowireMode=3; dependencyCheck=0; autowireCandidate=true; primary=false; factoryBeanName=org.springframework.boot.autoconfigure.web.ErrorMvcAutoConfiguration$WhitelabelErrorViewConfiguration; factoryMethodName=beanNameViewResolver; initMethodName=null; destroyMethodName=(inferred); defined in class path resource [org/springframework/boot/autoconfigure/web/ErrorMvcAutoConfiguration$WhitelabelErrorViewConfiguration.class]] with [Root bean: class [null]; scope=; abstract=false; lazyInit=false; autowireMode=3; dependencyCheck=0; autowireCandidate=true; primary=false; factoryBeanName=org.springframework.boot.autoconfigure.web.WebMvcAutoConfiguration$WebMvcAutoConfigurationAdapter; factoryMethodName=beanNameViewResolver; initMethodName=null; destroyMethodName=(inferred); defined in class path resource [org/springframework/boot/autoconfigure/web/WebMvcAutoConfiguration$WebMvcAutoConfigurationAdapter.class]]
[INFO] 2023-04-21 11:14:36 [class:org.springframework.boot.context.embedded.tomcat.TomcatEmbeddedServletContainer]-Tomcat initialized with port(s): 8080 (http)
[INFO] 2023-04-21 11:14:36 [class:org.springframework.web.context.ContextLoader]-Root WebApplicationContext: initialization completed in 959 ms
[INFO] 2023-04-21 11:14:37 [class:org.springframework.boot.context.embedded.ServletRegistrationBean]-Mapping servlet: 'dispatcherServlet' to [/]
[INFO] 2023-04-21 11:14:37 [class:org.springframework.boot.context.embedded.ServletRegistrationBean]-Mapping servlet: 'servlet1' to [/myServlet/*]
[INFO] 2023-04-21 11:14:37 [class:org.springframework.boot.context.embedded.ServletRegistrationBean]-Mapping servlet: 'servlet2' to [/myServlet2/*]
[INFO] 2023-04-21 11:14:37 [class:org.springframework.boot.context.embedded.FilterRegistrationBean]-Mapping filter: 'characterEncodingFilter' to: [/*]
[INFO] 2023-04-21 11:14:37 [class:org.springframework.boot.context.embedded.FilterRegistrationBean]-Mapping filter: 'hiddenHttpMethodFilter' to: [/*]
[INFO] 2023-04-21 11:14:37 [class:org.springframework.boot.context.embedded.FilterRegistrationBean]-Mapping filter: 'httpPutFormContentFilter' to: [/*]
[INFO] 2023-04-21 11:14:37 [class:org.springframework.boot.context.embedded.FilterRegistrationBean]-Mapping filter: 'requestContextFilter' to: [/*]
[INFO] 2023-04-21 11:14:37 [class:org.springframework.boot.context.embedded.FilterRegistrationBean]-Mapping filter: 'myFilter' to urls: [/*]
[INFO] 2023-04-21 11:14:37 [class:com.boot.test.Linstener.myListener]-contextInitialized
[INFO] 2023-04-21 11:14:37 [class:com.boot.test.Filter.myFilter]-init()
[INFO] 2023-04-21 11:14:37 [class:org.springframework.web.servlet.mvc.method.annotation.RequestMappingHandlerAdapter]-Looking for @ControllerAdvice: org.springframework.boot.context.embedded.AnnotationConfigEmbeddedWebApplicationContext@2f67efe9: startup date [Fri Apr 21 11:14:35 CST 2023]; root of context hierarchy
[INFO] 2023-04-21 11:14:37 [class:org.springframework.web.servlet.mvc.method.annotation.RequestMappingHandlerMapping]-Mapped "{[/index]}" onto public java.lang.String com.boot.test.controller.HelloJSPController.hello(org.springframework.ui.ModelMap)
[INFO] 2023-04-21 11:14:37 [class:org.springframework.web.servlet.mvc.method.annotation.RequestMappingHandlerMapping]-Mapped "{[/error]}" onto public org.springframework.http.ResponseEntity<java.util.Map<java.lang.String, java.lang.Object>> org.springframework.boot.autoconfigure.web.BasicErrorController.error(javax.servlet.http.HttpServletRequest)
[INFO] 2023-04-21 11:14:37 [class:org.springframework.web.servlet.mvc.method.annotation.RequestMappingHandlerMapping]-Mapped "{[/error],produces=[text/html]}" onto public org.springframework.web.servlet.ModelAndView org.springframework.boot.autoconfigure.web.BasicErrorController.errorHtml(javax.servlet.http.HttpServletRequest,javax.servlet.http.HttpServletResponse)
[INFO] 2023-04-21 11:14:37 [class:org.springframework.web.servlet.handler.SimpleUrlHandlerMapping]-Mapped URL path [/webjars/**] onto handler of type [class org.springframework.web.servlet.resource.ResourceHttpRequestHandler]
[INFO] 2023-04-21 11:14:37 [class:org.springframework.web.servlet.handler.SimpleUrlHandlerMapping]-Mapped URL path [/**] onto handler of type [class org.springframework.web.servlet.resource.ResourceHttpRequestHandler]
[INFO] 2023-04-21 11:14:37 [class:org.springframework.web.servlet.handler.SimpleUrlHandlerMapping]-Mapped URL path [/**/favicon.ico] onto handler of type [class org.springframework.web.servlet.resource.ResourceHttpRequestHandler]
[INFO] 2023-04-21 11:14:37 [class:org.springframework.jmx.export.annotation.AnnotationMBeanExporter]-Registering beans for JMX exposure on startup
[INFO] 2023-04-21 11:14:37 [class:org.springframework.boot.context.embedded.tomcat.TomcatEmbeddedServletContainer]-Tomcat started on port(s): 8080 (http)
[INFO] 2023-04-21 11:14:37 [class:com.boot.test.runner.MyCommandRunner1]-执行启动任务*******01
[INFO] 2023-04-21 11:14:37 [class:com.boot.test.runner.MyCommandRunner2]-执行启动任务******02
[INFO] 2023-04-21 11:14:37 [class:com.boot.test.App]-Started App in 1.831 seconds (JVM running for 5.245)
[INFO] 2023-04-21 11:19:09 [class:org.springframework.test.context.support.DefaultTestContextBootstrapper]-Loaded default TestExecutionListener class names from location [META-INF/spring.factories]: [org.springframework.test.context.web.ServletTestExecutionListener, org.springframework.test.context.support.DirtiesContextBeforeModesTestExecutionListener, org.springframework.test.context.support.DependencyInjectionTestExecutionListener, org.springframework.test.context.support.DirtiesContextTestExecutionListener, org.springframework.test.context.transaction.TransactionalTestExecutionListener, org.springframework.test.context.jdbc.SqlScriptsTestExecutionListener]
[INFO] 2023-04-21 11:19:09 [class:org.springframework.test.context.support.DefaultTestContextBootstrapper]-Could not instantiate TestExecutionListener [org.springframework.test.context.transaction.TransactionalTestExecutionListener]. Specify custom listener classes or make the default listener classes (and their required dependencies) available. Offending class: [org/springframework/transaction/interceptor/TransactionAttributeSource]
[INFO] 2023-04-21 11:19:09 [class:org.springframework.test.context.support.DefaultTestContextBootstrapper]-Could not instantiate TestExecutionListener [org.springframework.test.context.jdbc.SqlScriptsTestExecutionListener]. Specify custom listener classes or make the default listener classes (and their required dependencies) available. Offending class: [org/springframework/transaction/interceptor/TransactionAttribute]
[INFO] 2023-04-21 11:19:09 [class:org.springframework.test.context.support.DefaultTestContextBootstrapper]-Using TestExecutionListeners: [org.springframework.test.context.web.ServletTestExecutionListener@527e5409, org.springframework.test.context.support.DirtiesContextBeforeModesTestExecutionListener@1198b989, org.springframework.test.context.support.DependencyInjectionTestExecutionListener@7ff95560, org.springframework.test.context.support.DirtiesContextTestExecutionListener@add0edd]
[INFO] 2023-04-21 11:19:09 [class:org.springframework.context.support.GenericApplicationContext]-Refreshing org.springframework.context.support.GenericApplicationContext@4b5d6a01: startup date [Fri Apr 21 11:19:09 CST 2023]; root of context hierarchy
[INFO] 2023-04-21 11:19:09 [class:org.hibernate.validator.internal.util.Version]-HV000001: Hibernate Validator 5.2.4.Final
[INFO] 2023-04-21 11:19:10 [class:org.springframework.jmx.export.annotation.AnnotationMBeanExporter]-Registering beans for JMX exposure on startup
[INFO] 2023-04-21 11:19:10 [class:org.springframework.context.support.GenericApplicationContext]-Closing org.springframework.context.support.GenericApplicationContext@4b5d6a01: startup date [Fri Apr 21 11:19:09 CST 2023]; root of context hierarchy
[INFO] 2023-04-21 11:19:10 [class:org.springframework.jmx.export.annotation.AnnotationMBeanExporter]-Unregistering JMX-exposed beans on shutdown
[INFO] 2023-04-21 11:20:29 [class:org.springframework.test.context.support.DefaultTestContextBootstrapper]-Loaded default TestExecutionListener class names from location [META-INF/spring.factories]: [org.springframework.test.context.web.ServletTestExecutionListener, org.springframework.test.context.support.DirtiesContextBeforeModesTestExecutionListener, org.springframework.test.context.support.DependencyInjectionTestExecutionListener, org.springframework.test.context.support.DirtiesContextTestExecutionListener, org.springframework.test.context.transaction.TransactionalTestExecutionListener, org.springframework.test.context.jdbc.SqlScriptsTestExecutionListener]
[INFO] 2023-04-21 11:20:29 [class:org.springframework.test.context.support.DefaultTestContextBootstrapper]-Could not instantiate TestExecutionListener [org.springframework.test.context.jdbc.SqlScriptsTestExecutionListener]. Specify custom listener classes or make the default listener classes (and their required dependencies) available. Offending class: [org/springframework/transaction/interceptor/TransactionAttribute]
[INFO] 2023-04-21 11:20:29 [class:org.springframework.test.context.support.DefaultTestContextBootstrapper]-Could not instantiate TestExecutionListener [org.springframework.test.context.transaction.TransactionalTestExecutionListener]. Specify custom listener classes or make the default listener classes (and their required dependencies) available. Offending class: [org/springframework/transaction/interceptor/TransactionAttributeSource]
[INFO] 2023-04-21 11:20:29 [class:org.springframework.test.context.support.DefaultTestContextBootstrapper]-Using TestExecutionListeners: [org.springframework.test.context.web.ServletTestExecutionListener@5a955565, org.springframework.test.context.support.DirtiesContextBeforeModesTestExecutionListener@6293abcc, org.springframework.test.context.support.DependencyInjectionTestExecutionListener@7995092a, org.springframework.test.context.support.DirtiesContextTestExecutionListener@7fc2413d]
[INFO] 2023-04-21 11:20:29 [class:org.springframework.context.support.GenericApplicationContext]-Refreshing org.springframework.context.support.GenericApplicationContext@17046283: startup date [Fri Apr 21 11:20:29 CST 2023]; root of context hierarchy
[INFO] 2023-04-21 11:20:30 [class:org.hibernate.validator.internal.util.Version]-HV000001: Hibernate Validator 5.2.4.Final
[INFO] 2023-04-21 11:20:30 [class:org.springframework.jmx.export.annotation.AnnotationMBeanExporter]-Registering beans for JMX exposure on startup
[INFO] 2023-04-21 11:20:47 [class:org.springframework.context.support.GenericApplicationContext]-Closing org.springframework.context.support.GenericApplicationContext@17046283: startup date [Fri Apr 21 11:20:29 CST 2023]; root of context hierarchy
[INFO] 2023-04-21 11:20:47 [class:org.springframework.jmx.export.annotation.AnnotationMBeanExporter]-Unregistering JMX-exposed beans on shutdown
[INFO] 2023-04-21 11:21:05 [class:org.springframework.test.context.support.DefaultTestContextBootstrapper]-Loaded default TestExecutionListener class names from location [META-INF/spring.factories]: [org.springframework.test.context.web.ServletTestExecutionListener, org.springframework.test.context.support.DirtiesContextBeforeModesTestExecutionListener, org.springframework.test.context.support.DependencyInjectionTestExecutionListener, org.springframework.test.context.support.DirtiesContextTestExecutionListener, org.springframework.test.context.transaction.TransactionalTestExecutionListener, org.springframework.test.context.jdbc.SqlScriptsTestExecutionListener]
[INFO] 2023-04-21 11:21:05 [class:org.springframework.test.context.support.DefaultTestContextBootstrapper]-Could not instantiate TestExecutionListener [org.springframework.test.context.jdbc.SqlScriptsTestExecutionListener]. Specify custom listener classes or make the default listener classes (and their required dependencies) available. Offending class: [org/springframework/transaction/interceptor/TransactionAttribute]
[INFO] 2023-04-21 11:21:05 [class:org.springframework.test.context.support.DefaultTestContextBootstrapper]-Could not instantiate TestExecutionListener [org.springframework.test.context.transaction.TransactionalTestExecutionListener]. Specify custom listener classes or make the default listener classes (and their required dependencies) available. Offending class: [org/springframework/transaction/interceptor/TransactionAttributeSource]
[INFO] 2023-04-21 11:21:05 [class:org.springframework.test.context.support.DefaultTestContextBootstrapper]-Using TestExecutionListeners: [org.springframework.test.context.web.ServletTestExecutionListener@5a955565, org.springframework.test.context.support.DirtiesContextBeforeModesTestExecutionListener@6293abcc, org.springframework.test.context.support.DependencyInjectionTestExecutionListener@7995092a, org.springframework.test.context.support.DirtiesContextTestExecutionListener@7fc2413d]
[INFO] 2023-04-21 11:21:06 [class:org.springframework.context.support.GenericApplicationContext]-Refreshing org.springframework.context.support.GenericApplicationContext@17046283: startup date [Fri Apr 21 11:21:06 CST 2023]; root of context hierarchy
[INFO] 2023-04-21 11:21:06 [class:org.hibernate.validator.internal.util.Version]-HV000001: Hibernate Validator 5.2.4.Final
[INFO] 2023-04-21 11:21:06 [class:org.springframework.jmx.export.annotation.AnnotationMBeanExporter]-Registering beans for JMX exposure on startup
[INFO] 2023-04-21 11:21:37 [class:org.springframework.context.support.GenericApplicationContext]-Closing org.springframework.context.support.GenericApplicationContext@17046283: startup date [Fri Apr 21 11:21:06 CST 2023]; root of context hierarchy
[INFO] 2023-04-21 11:21:37 [class:org.springframework.jmx.export.annotation.AnnotationMBeanExporter]-Unregistering JMX-exposed beans on shutdown
[INFO] 2023-04-21 11:22:30 [class:org.springframework.boot.context.embedded.AnnotationConfigEmbeddedWebApplicationContext]-Closing org.springframework.boot.context.embedded.AnnotationConfigEmbeddedWebApplicationContext@2f67efe9: startup date [Fri Apr 21 11:14:35 CST 2023]; root of context hierarchy
[INFO] 2023-04-21 11:22:30 [class:org.springframework.jmx.export.annotation.AnnotationMBeanExporter]-Unregistering JMX-exposed beans on shutdown
[INFO] 2023-04-21 11:22:30 [class:com.boot.test.Filter.myFilter]-destroy()
[INFO] 2023-04-21 11:22:30 [class:com.boot.test.Linstener.myListener]-contextDestroyed
[INFO] 2023-04-21 13:40:53 [class:com.boot.test.App]-Starting App on LAPTOP-OKAUR9GJ with PID 20324 (G:\worlingArea\MyProject\SpringCompleteStudyNotes\Spring_Boot_JSP\target\classes started by msl in G:\worlingArea\MyProject\SpringCompleteStudyNotes\Spring_Boot_JSP)
[INFO] 2023-04-21 13:40:53 [class:com.boot.test.App]-No active profile set, falling back to default profiles: default
[INFO] 2023-04-21 13:40:53 [class:org.springframework.boot.context.embedded.AnnotationConfigEmbeddedWebApplicationContext]-Refreshing org.springframework.boot.context.embedded.AnnotationConfigEmbeddedWebApplicationContext@52e3e083: startup date [Fri Apr 21 13:40:53 CST 2023]; root of context hierarchy
[INFO] 2023-04-21 13:40:53 [class:org.hibernate.validator.internal.util.Version]-HV000001: Hibernate Validator 5.2.4.Final
[INFO] 2023-04-21 13:40:53 [class:org.springframework.beans.factory.support.DefaultListableBeanFactory]-Overriding bean definition for bean 'beanNameViewResolver' with a different definition: replacing [Root bean: class [null]; scope=; abstract=false; lazyInit=false; autowireMode=3; dependencyCheck=0; autowireCandidate=true; primary=false; factoryBeanName=org.springframework.boot.autoconfigure.web.ErrorMvcAutoConfiguration$WhitelabelErrorViewConfiguration; factoryMethodName=beanNameViewResolver; initMethodName=null; destroyMethodName=(inferred); defined in class path resource [org/springframework/boot/autoconfigure/web/ErrorMvcAutoConfiguration$WhitelabelErrorViewConfiguration.class]] with [Root bean: class [null]; scope=; abstract=false; lazyInit=false; autowireMode=3; dependencyCheck=0; autowireCandidate=true; primary=false; factoryBeanName=org.springframework.boot.autoconfigure.web.WebMvcAutoConfiguration$WebMvcAutoConfigurationAdapter; factoryMethodName=beanNameViewResolver; initMethodName=null; destroyMethodName=(inferred); defined in class path resource [org/springframework/boot/autoconfigure/web/WebMvcAutoConfiguration$WebMvcAutoConfigurationAdapter.class]]
[INFO] 2023-04-21 13:40:54 [class:org.springframework.boot.context.embedded.tomcat.TomcatEmbeddedServletContainer]-Tomcat initialized with port(s): 8080 (http)
[INFO] 2023-04-21 13:40:54 [class:org.springframework.web.context.ContextLoader]-Root WebApplicationContext: initialization completed in 1089 ms
[INFO] 2023-04-21 13:40:54 [class:org.springframework.boot.context.embedded.ServletRegistrationBean]-Mapping servlet: 'dispatcherServlet' to [/]
[INFO] 2023-04-21 13:40:54 [class:org.springframework.boot.context.embedded.ServletRegistrationBean]-Mapping servlet: 'servlet1' to [/myServlet/*]
[INFO] 2023-04-21 13:40:54 [class:org.springframework.boot.context.embedded.ServletRegistrationBean]-Mapping servlet: 'servlet2' to [/myServlet2/*]
[INFO] 2023-04-21 13:40:54 [class:org.springframework.boot.context.embedded.FilterRegistrationBean]-Mapping filter: 'characterEncodingFilter' to: [/*]
[INFO] 2023-04-21 13:40:54 [class:org.springframework.boot.context.embedded.FilterRegistrationBean]-Mapping filter: 'hiddenHttpMethodFilter' to: [/*]
[INFO] 2023-04-21 13:40:54 [class:org.springframework.boot.context.embedded.FilterRegistrationBean]-Mapping filter: 'httpPutFormContentFilter' to: [/*]
[INFO] 2023-04-21 13:40:54 [class:org.springframework.boot.context.embedded.FilterRegistrationBean]-Mapping filter: 'requestContextFilter' to: [/*]
[INFO] 2023-04-21 13:40:54 [class:org.springframework.boot.context.embedded.FilterRegistrationBean]-Mapping filter: 'myFilter' to urls: [/*]
[INFO] 2023-04-21 13:40:54 [class:com.boot.test.Linstener.myListener]-contextInitialized
[INFO] 2023-04-21 13:40:54 [class:com.boot.test.Filter.myFilter]-init()
[INFO] 2023-04-21 13:40:54 [class:org.springframework.web.servlet.mvc.method.annotation.RequestMappingHandlerAdapter]-Looking for @ControllerAdvice: org.springframework.boot.context.embedded.AnnotationConfigEmbeddedWebApplicationContext@52e3e083: startup date [Fri Apr 21 13:40:53 CST 2023]; root of context hierarchy
[INFO] 2023-04-21 13:40:54 [class:org.springframework.web.servlet.mvc.method.annotation.RequestMappingHandlerMapping]-Mapped "{[/index]}" onto public java.lang.String com.boot.test.controller.HelloJSPController.hello(org.springframework.ui.ModelMap)
[INFO] 2023-04-21 13:40:54 [class:org.springframework.web.servlet.mvc.method.annotation.RequestMappingHandlerMapping]-Mapped "{[/error]}" onto public org.springframework.http.ResponseEntity<java.util.Map<java.lang.String, java.lang.Object>> org.springframework.boot.autoconfigure.web.BasicErrorController.error(javax.servlet.http.HttpServletRequest)
[INFO] 2023-04-21 13:40:54 [class:org.springframework.web.servlet.mvc.method.annotation.RequestMappingHandlerMapping]-Mapped "{[/error],produces=[text/html]}" onto public org.springframework.web.servlet.ModelAndView org.springframework.boot.autoconfigure.web.BasicErrorController.errorHtml(javax.servlet.http.HttpServletRequest,javax.servlet.http.HttpServletResponse)
[INFO] 2023-04-21 13:40:54 [class:org.springframework.web.servlet.handler.SimpleUrlHandlerMapping]-Mapped URL path [/webjars/**] onto handler of type [class org.springframework.web.servlet.resource.ResourceHttpRequestHandler]
[INFO] 2023-04-21 13:40:54 [class:org.springframework.web.servlet.handler.SimpleUrlHandlerMapping]-Mapped URL path [/**] onto handler of type [class org.springframework.web.servlet.resource.ResourceHttpRequestHandler]
[INFO] 2023-04-21 13:40:54 [class:org.springframework.web.servlet.handler.SimpleUrlHandlerMapping]-Mapped URL path [/**/favicon.ico] onto handler of type [class org.springframework.web.servlet.resource.ResourceHttpRequestHandler]
[INFO] 2023-04-21 13:40:54 [class:org.springframework.jmx.export.annotation.AnnotationMBeanExporter]-Registering beans for JMX exposure on startup
[INFO] 2023-04-21 13:40:54 [class:org.springframework.boot.context.embedded.tomcat.TomcatEmbeddedServletContainer]-Tomcat started on port(s): 8080 (http)
[INFO] 2023-04-21 13:40:54 [class:com.boot.test.runner.MyCommandRunner1]-执行启动任务*******01
[INFO] 2023-04-21 13:40:54 [class:com.boot.test.runner.MyCommandRunner2]-执行启动任务******02
[INFO] 2023-04-21 13:40:54 [class:com.boot.test.App]-Started App in 2.03 seconds (JVM running for 6.122)
[INFO] 2023-04-21 13:41:15 [class:org.springframework.boot.context.embedded.AnnotationConfigEmbeddedWebApplicationContext]-Closing org.springframework.boot.context.embedded.AnnotationConfigEmbeddedWebApplicationContext@52e3e083: startup date [Fri Apr 21 13:40:53 CST 2023]; root of context hierarchy
[INFO] 2023-04-21 13:41:15 [class:org.springframework.jmx.export.annotation.AnnotationMBeanExporter]-Unregistering JMX-exposed beans on shutdown
[INFO] 2023-04-21 13:41:15 [class:com.boot.test.Filter.myFilter]-destroy()
[INFO] 2023-04-21 13:41:15 [class:com.boot.test.Linstener.myListener]-contextDestroyed
[INFO] 2023-04-21 13:41:32 [class:com.boot.test.App]-Starting App on LAPTOP-OKAUR9GJ with PID 4892 (G:\worlingArea\MyProject\SpringCompleteStudyNotes\Spring_Boot_JSP\target\classes started by msl in G:\worlingArea\MyProject\SpringCompleteStudyNotes\Spring_Boot_JSP)
[INFO] 2023-04-21 13:41:32 [class:com.boot.test.App]-No active profile set, falling back to default profiles: default
[INFO] 2023-04-21 13:41:32 [class:org.springframework.boot.context.embedded.AnnotationConfigEmbeddedWebApplicationContext]-Refreshing org.springframework.boot.context.embedded.AnnotationConfigEmbeddedWebApplicationContext@33bcc14d: startup date [Fri Apr 21 13:41:32 CST 2023]; root of context hierarchy
[INFO] 2023-04-21 13:41:33 [class:org.hibernate.validator.internal.util.Version]-HV000001: Hibernate Validator 5.2.4.Final
[INFO] 2023-04-21 13:41:33 [class:org.springframework.beans.factory.support.DefaultListableBeanFactory]-Overriding bean definition for bean 'beanNameViewResolver' with a different definition: replacing [Root bean: class [null]; scope=; abstract=false; lazyInit=false; autowireMode=3; dependencyCheck=0; autowireCandidate=true; primary=false; factoryBeanName=org.springframework.boot.autoconfigure.web.ErrorMvcAutoConfiguration$WhitelabelErrorViewConfiguration; factoryMethodName=beanNameViewResolver; initMethodName=null; destroyMethodName=(inferred); defined in class path resource [org/springframework/boot/autoconfigure/web/ErrorMvcAutoConfiguration$WhitelabelErrorViewConfiguration.class]] with [Root bean: class [null]; scope=; abstract=false; lazyInit=false; autowireMode=3; dependencyCheck=0; autowireCandidate=true; primary=false; factoryBeanName=org.springframework.boot.autoconfigure.web.WebMvcAutoConfiguration$WebMvcAutoConfigurationAdapter; factoryMethodName=beanNameViewResolver; initMethodName=null; destroyMethodName=(inferred); defined in class path resource [org/springframework/boot/autoconfigure/web/WebMvcAutoConfiguration$WebMvcAutoConfigurationAdapter.class]]
[INFO] 2023-04-21 13:41:33 [class:org.springframework.boot.context.embedded.tomcat.TomcatEmbeddedServletContainer]-Tomcat initialized with port(s): 8080 (http)
[INFO] 2023-04-21 13:41:33 [class:org.springframework.web.context.ContextLoader]-Root WebApplicationContext: initialization completed in 917 ms
[INFO] 2023-04-21 13:41:34 [class:org.springframework.boot.context.embedded.ServletRegistrationBean]-Mapping servlet: 'dispatcherServlet' to [/]
[INFO] 2023-04-21 13:41:34 [class:org.springframework.boot.context.embedded.ServletRegistrationBean]-Mapping servlet: 'servlet1' to [/myServlet/*]
[INFO] 2023-04-21 13:41:34 [class:org.springframework.boot.context.embedded.ServletRegistrationBean]-Mapping servlet: 'servlet2' to [/myServlet2/*]
[INFO] 2023-04-21 13:41:34 [class:org.springframework.boot.context.embedded.FilterRegistrationBean]-Mapping filter: 'characterEncodingFilter' to: [/*]
[INFO] 2023-04-21 13:41:34 [class:org.springframework.boot.context.embedded.FilterRegistrationBean]-Mapping filter: 'hiddenHttpMethodFilter' to: [/*]
[INFO] 2023-04-21 13:41:34 [class:org.springframework.boot.context.embedded.FilterRegistrationBean]-Mapping filter: 'httpPutFormContentFilter' to: [/*]
[INFO] 2023-04-21 13:41:34 [class:org.springframework.boot.context.embedded.FilterRegistrationBean]-Mapping filter: 'requestContextFilter' to: [/*]
[INFO] 2023-04-21 13:41:34 [class:org.springframework.boot.context.embedded.FilterRegistrationBean]-Mapping filter: 'myFilter' to urls: [/*]
[INFO] 2023-04-21 13:41:34 [class:com.boot.test.Linstener.myListener]-contextInitialized
[INFO] 2023-04-21 13:41:34 [class:com.boot.test.Filter.myFilter]-init()
[INFO] 2023-04-21 13:41:34 [class:com.boot.test.environment.MyEnvironment]-springEL表达式获取的值:jdbc:mysql://localhost:3306/springdatabase?characterEncoding=utf8&useSSL=false&serverTimezone=UTC&rewriteBatchedStatements=true&allowPublicKeyRetrieval=true
[INFO] 2023-04-21 13:41:34 [class:com.boot.test.environment.MyEnvironment]-JAVA_HOME:D:\java_jdk\jdk1.8.0_172
[INFO] 2023-04-21 13:41:34 [class:com.boot.test.environment.MyEnvironment]-spring.datasource.url:jdbc:mysql://localhost:3306/springdatabase?characterEncoding=utf8&useSSL=false&serverTimezone=UTC&rewriteBatchedStatements=true&allowPublicKeyRetrieval=true
[INFO] 2023-04-21 13:41:34 [class:com.boot.test.environment.MyEnvironment]-通过前缀获取的url:null
[INFO] 2023-04-21 13:41:34 [class:com.boot.test.environment.MyEnvironment]-通过前缀获取的driverClassName:null
[INFO] 2023-04-21 13:41:34 [class:org.springframework.web.servlet.mvc.method.annotation.RequestMappingHandlerAdapter]-Looking for @ControllerAdvice: org.springframework.boot.context.embedded.AnnotationConfigEmbeddedWebApplicationContext@33bcc14d: startup date [Fri Apr 21 13:41:32 CST 2023]; root of context hierarchy
[INFO] 2023-04-21 13:41:34 [class:org.springframework.web.servlet.mvc.method.annotation.RequestMappingHandlerMapping]-Mapped "{[/index]}" onto public java.lang.String com.boot.test.controller.HelloJSPController.hello(org.springframework.ui.ModelMap)
[INFO] 2023-04-21 13:41:34 [class:org.springframework.web.servlet.mvc.method.annotation.RequestMappingHandlerMapping]-Mapped "{[/error]}" onto public org.springframework.http.ResponseEntity<java.util.Map<java.lang.String, java.lang.Object>> org.springframework.boot.autoconfigure.web.BasicErrorController.error(javax.servlet.http.HttpServletRequest)
[INFO] 2023-04-21 13:41:34 [class:org.springframework.web.servlet.mvc.method.annotation.RequestMappingHandlerMapping]-Mapped "{[/error],produces=[text/html]}" onto public org.springframework.web.servlet.ModelAndView org.springframework.boot.autoconfigure.web.BasicErrorController.errorHtml(javax.servlet.http.HttpServletRequest,javax.servlet.http.HttpServletResponse)
[INFO] 2023-04-21 13:41:34 [class:org.springframework.web.servlet.handler.SimpleUrlHandlerMapping]-Mapped URL path [/webjars/**] onto handler of type [class org.springframework.web.servlet.resource.ResourceHttpRequestHandler]
[INFO] 2023-04-21 13:41:34 [class:org.springframework.web.servlet.handler.SimpleUrlHandlerMapping]-Mapped URL path [/**] onto handler of type [class org.springframework.web.servlet.resource.ResourceHttpRequestHandler]
[INFO] 2023-04-21 13:41:34 [class:org.springframework.web.servlet.handler.SimpleUrlHandlerMapping]-Mapped URL path [/**/favicon.ico] onto handler of type [class org.springframework.web.servlet.resource.ResourceHttpRequestHandler]
[INFO] 2023-04-21 13:41:34 [class:org.springframework.jmx.export.annotation.AnnotationMBeanExporter]-Registering beans for JMX exposure on startup
[INFO] 2023-04-21 13:41:34 [class:org.springframework.boot.context.embedded.tomcat.TomcatEmbeddedServletContainer]-Tomcat started on port(s): 8080 (http)
[INFO] 2023-04-21 13:41:34 [class:com.boot.test.runner.MyCommandRunner1]-执行启动任务*******01
[INFO] 2023-04-21 13:41:34 [class:com.boot.test.runner.MyCommandRunner2]-执行启动任务******02
[INFO] 2023-04-21 13:41:34 [class:com.boot.test.App]-Started App in 1.762 seconds (JVM running for 4.873)
[INFO] 2023-04-21 13:42:01 [class:org.springframework.boot.context.embedded.AnnotationConfigEmbeddedWebApplicationContext]-Closing org.springframework.boot.context.embedded.AnnotationConfigEmbeddedWebApplicationContext@33bcc14d: startup date [Fri Apr 21 13:41:32 CST 2023]; root of context hierarchy
[INFO] 2023-04-21 13:42:01 [class:org.springframework.jmx.export.annotation.AnnotationMBeanExporter]-Unregistering JMX-exposed beans on shutdown
[INFO] 2023-04-21 13:42:01 [class:com.boot.test.Filter.myFilter]-destroy()
[INFO] 2023-04-21 13:42:01 [class:com.boot.test.Linstener.myListener]-contextDestroyed
[INFO] 2023-04-21 13:42:05 [class:com.boot.test.App]-Starting App on LAPTOP-OKAUR9GJ with PID 6252 (G:\worlingArea\MyProject\SpringCompleteStudyNotes\Spring_Boot_JSP\target\classes started by msl in G:\worlingArea\MyProject\SpringCompleteStudyNotes\Spring_Boot_JSP)
[INFO] 2023-04-21 13:42:05 [class:com.boot.test.App]-No active profile set, falling back to default profiles: default
[INFO] 2023-04-21 13:42:05 [class:org.springframework.boot.context.embedded.AnnotationConfigEmbeddedWebApplicationContext]-Refreshing org.springframework.boot.context.embedded.AnnotationConfigEmbeddedWebApplicationContext@aa8c302: startup date [Fri Apr 21 13:42:05 CST 2023]; root of context hierarchy
[INFO] 2023-04-21 13:42:05 [class:org.hibernate.validator.internal.util.Version]-HV000001: Hibernate Validator 5.2.4.Final
[INFO] 2023-04-21 13:42:05 [class:org.springframework.beans.factory.support.DefaultListableBeanFactory]-Overriding bean definition for bean 'beanNameViewResolver' with a different definition: replacing [Root bean: class [null]; scope=; abstract=false; lazyInit=false; autowireMode=3; dependencyCheck=0; autowireCandidate=true; primary=false; factoryBeanName=org.springframework.boot.autoconfigure.web.ErrorMvcAutoConfiguration$WhitelabelErrorViewConfiguration; factoryMethodName=beanNameViewResolver; initMethodName=null; destroyMethodName=(inferred); defined in class path resource [org/springframework/boot/autoconfigure/web/ErrorMvcAutoConfiguration$WhitelabelErrorViewConfiguration.class]] with [Root bean: class [null]; scope=; abstract=false; lazyInit=false; autowireMode=3; dependencyCheck=0; autowireCandidate=true; primary=false; factoryBeanName=org.springframework.boot.autoconfigure.web.WebMvcAutoConfiguration$WebMvcAutoConfigurationAdapter; factoryMethodName=beanNameViewResolver; initMethodName=null; destroyMethodName=(inferred); defined in class path resource [org/springframework/boot/autoconfigure/web/WebMvcAutoConfiguration$WebMvcAutoConfigurationAdapter.class]]
[INFO] 2023-04-21 13:42:06 [class:org.springframework.boot.context.embedded.tomcat.TomcatEmbeddedServletContainer]-Tomcat initialized with port(s): 8080 (http)
[INFO] 2023-04-21 13:42:06 [class:org.springframework.web.context.ContextLoader]-Root WebApplicationContext: initialization completed in 890 ms
[INFO] 2023-04-21 13:42:06 [class:org.springframework.boot.context.embedded.ServletRegistrationBean]-Mapping servlet: 'dispatcherServlet' to [/]
[INFO] 2023-04-21 13:42:06 [class:org.springframework.boot.context.embedded.ServletRegistrationBean]-Mapping servlet: 'servlet1' to [/myServlet/*]
[INFO] 2023-04-21 13:42:06 [class:org.springframework.boot.context.embedded.ServletRegistrationBean]-Mapping servlet: 'servlet2' to [/myServlet2/*]
[INFO] 2023-04-21 13:42:06 [class:org.springframework.boot.context.embedded.FilterRegistrationBean]-Mapping filter: 'characterEncodingFilter' to: [/*]
[INFO] 2023-04-21 13:42:06 [class:org.springframework.boot.context.embedded.FilterRegistrationBean]-Mapping filter: 'hiddenHttpMethodFilter' to: [/*]
[INFO] 2023-04-21 13:42:06 [class:org.springframework.boot.context.embedded.FilterRegistrationBean]-Mapping filter: 'httpPutFormContentFilter' to: [/*]
[INFO] 2023-04-21 13:42:06 [class:org.springframework.boot.context.embedded.FilterRegistrationBean]-Mapping filter: 'requestContextFilter' to: [/*]
[INFO] 2023-04-21 13:42:06 [class:org.springframework.boot.context.embedded.FilterRegistrationBean]-Mapping filter: 'myFilter' to urls: [/*]
[INFO] 2023-04-21 13:42:06 [class:com.boot.test.Linstener.myListener]-contextInitialized
[INFO] 2023-04-21 13:42:06 [class:com.boot.test.Filter.myFilter]-init()
[INFO] 2023-04-21 13:42:06 [class:com.boot.test.environment.MyEnvironment]-springEL表达式获取的值:jdbc:mysql://localhost:3306/springdatabase?characterEncoding=utf8&useSSL=false&serverTimezone=UTC&rewriteBatchedStatements=true&allowPublicKeyRetrieval=true
[INFO] 2023-04-21 13:42:06 [class:com.boot.test.environment.MyEnvironment]-JAVA_HOME:D:\java_jdk\jdk1.8.0_172
[INFO] 2023-04-21 13:42:06 [class:com.boot.test.environment.MyEnvironment]-spring.datasource.url:jdbc:mysql://localhost:3306/springdatabase?characterEncoding=utf8&useSSL=false&serverTimezone=UTC&rewriteBatchedStatements=true&allowPublicKeyRetrieval=true
[INFO] 2023-04-21 13:42:06 [class:com.boot.test.environment.MyEnvironment]-通过前缀获取的url:null
[INFO] 2023-04-21 13:42:24 [class:com.boot.test.environment.MyEnvironment]-spring.datasource.url:jdbc:mysql://localhost:3306/springdatabase?characterEncoding=utf8&useSSL=false&serverTimezone=UTC&rewriteBatchedStatements=true&allowPublicKeyRetrieval=true
[INFO] 2023-04-21 13:42:30 [class:com.boot.test.environment.MyEnvironment]-通过前缀获取的driverClassName:null
[INFO] 2023-04-21 13:42:30 [class:org.springframework.web.servlet.mvc.method.annotation.RequestMappingHandlerAdapter]-Looking for @ControllerAdvice: org.springframework.boot.context.embedded.AnnotationConfigEmbeddedWebApplicationContext@aa8c302: startup date [Fri Apr 21 13:42:05 CST 2023]; root of context hierarchy
[INFO] 2023-04-21 13:42:30 [class:org.springframework.web.servlet.mvc.method.annotation.RequestMappingHandlerMapping]-Mapped "{[/index]}" onto public java.lang.String com.boot.test.controller.HelloJSPController.hello(org.springframework.ui.ModelMap)
[INFO] 2023-04-21 13:42:30 [class:org.springframework.web.servlet.mvc.method.annotation.RequestMappingHandlerMapping]-Mapped "{[/error]}" onto public org.springframework.http.ResponseEntity<java.util.Map<java.lang.String, java.lang.Object>> org.springframework.boot.autoconfigure.web.BasicErrorController.error(javax.servlet.http.HttpServletRequest)
[INFO] 2023-04-21 13:42:30 [class:org.springframework.web.servlet.mvc.method.annotation.RequestMappingHandlerMapping]-Mapped "{[/error],produces=[text/html]}" onto public org.springframework.web.servlet.ModelAndView org.springframework.boot.autoconfigure.web.BasicErrorController.errorHtml(javax.servlet.http.HttpServletRequest,javax.servlet.http.HttpServletResponse)
[INFO] 2023-04-21 13:42:30 [class:org.springframework.web.servlet.handler.SimpleUrlHandlerMapping]-Mapped URL path [/webjars/**] onto handler of type [class org.springframework.web.servlet.resource.ResourceHttpRequestHandler]
[INFO] 2023-04-21 13:42:30 [class:org.springframework.web.servlet.handler.SimpleUrlHandlerMapping]-Mapped URL path [/**] onto handler of type [class org.springframework.web.servlet.resource.ResourceHttpRequestHandler]
[INFO] 2023-04-21 13:42:31 [class:org.springframework.web.servlet.handler.SimpleUrlHandlerMapping]-Mapped URL path [/**/favicon.ico] onto handler of type [class org.springframework.web.servlet.resource.ResourceHttpRequestHandler]
[INFO] 2023-04-21 13:42:31 [class:org.springframework.jmx.export.annotation.AnnotationMBeanExporter]-Registering beans for JMX exposure on startup
[INFO] 2023-04-21 13:42:31 [class:org.springframework.boot.context.embedded.tomcat.TomcatEmbeddedServletContainer]-Tomcat started on port(s): 8080 (http)
[INFO] 2023-04-21 13:42:31 [class:com.boot.test.runner.MyCommandRunner1]-执行启动任务*******01
[INFO] 2023-04-21 13:42:31 [class:com.boot.test.runner.MyCommandRunner2]-执行启动任务******02
[INFO] 2023-04-21 13:42:31 [class:com.boot.test.App]-Started App in 25.997 seconds (JVM running for 29.145)
[INFO] 2023-04-21 13:43:46 [class:org.springframework.boot.context.embedded.AnnotationConfigEmbeddedWebApplicationContext]-Closing org.springframework.boot.context.embedded.AnnotationConfigEmbeddedWebApplicationContext@aa8c302: startup date [Fri Apr 21 13:42:05 CST 2023]; root of context hierarchy
[INFO] 2023-04-21 13:43:46 [class:org.springframework.jmx.export.annotation.AnnotationMBeanExporter]-Unregistering JMX-exposed beans on shutdown
[INFO] 2023-04-21 13:43:46 [class:com.boot.test.Filter.myFilter]-destroy()
[INFO] 2023-04-21 13:43:46 [class:com.boot.test.Linstener.myListener]-contextDestroyed
[INFO] 2023-04-21 13:43:50 [class:com.boot.test.App]-Starting App on LAPTOP-OKAUR9GJ with PID 14792 (G:\worlingArea\MyProject\SpringCompleteStudyNotes\Spring_Boot_JSP\target\classes started by msl in G:\worlingArea\MyProject\SpringCompleteStudyNotes\Spring_Boot_JSP)
[INFO] 2023-04-21 13:43:50 [class:com.boot.test.App]-No active profile set, falling back to default profiles: default
[INFO] 2023-04-21 13:43:50 [class:org.springframework.boot.context.embedded.AnnotationConfigEmbeddedWebApplicationContext]-Refreshing org.springframework.boot.context.embedded.AnnotationConfigEmbeddedWebApplicationContext@21530a08: startup date [Fri Apr 21 13:43:50 CST 2023]; root of context hierarchy
[INFO] 2023-04-21 13:43:50 [class:org.hibernate.validator.internal.util.Version]-HV000001: Hibernate Validator 5.2.4.Final
[INFO] 2023-04-21 13:43:50 [class:org.springframework.beans.factory.support.DefaultListableBeanFactory]-Overriding bean definition for bean 'beanNameViewResolver' with a different definition: replacing [Root bean: class [null]; scope=; abstract=false; lazyInit=false; autowireMode=3; dependencyCheck=0; autowireCandidate=true; primary=false; factoryBeanName=org.springframework.boot.autoconfigure.web.ErrorMvcAutoConfiguration$WhitelabelErrorViewConfiguration; factoryMethodName=beanNameViewResolver; initMethodName=null; destroyMethodName=(inferred); defined in class path resource [org/springframework/boot/autoconfigure/web/ErrorMvcAutoConfiguration$WhitelabelErrorViewConfiguration.class]] with [Root bean: class [null]; scope=; abstract=false; lazyInit=false; autowireMode=3; dependencyCheck=0; autowireCandidate=true; primary=false; factoryBeanName=org.springframework.boot.autoconfigure.web.WebMvcAutoConfiguration$WebMvcAutoConfigurationAdapter; factoryMethodName=beanNameViewResolver; initMethodName=null; destroyMethodName=(inferred); defined in class path resource [org/springframework/boot/autoconfigure/web/WebMvcAutoConfiguration$WebMvcAutoConfigurationAdapter.class]]
[INFO] 2023-04-21 13:43:50 [class:org.springframework.boot.context.embedded.tomcat.TomcatEmbeddedServletContainer]-Tomcat initialized with port(s): 8080 (http)
[INFO] 2023-04-21 13:43:50 [class:org.springframework.web.context.ContextLoader]-Root WebApplicationContext: initialization completed in 875 ms
[INFO] 2023-04-21 13:43:51 [class:org.springframework.boot.context.embedded.ServletRegistrationBean]-Mapping servlet: 'dispatcherServlet' to [/]
[INFO] 2023-04-21 13:43:51 [class:org.springframework.boot.context.embedded.ServletRegistrationBean]-Mapping servlet: 'servlet1' to [/myServlet/*]
[INFO] 2023-04-21 13:43:51 [class:org.springframework.boot.context.embedded.ServletRegistrationBean]-Mapping servlet: 'servlet2' to [/myServlet2/*]
[INFO] 2023-04-21 13:43:51 [class:org.springframework.boot.context.embedded.FilterRegistrationBean]-Mapping filter: 'characterEncodingFilter' to: [/*]
[INFO] 2023-04-21 13:43:51 [class:org.springframework.boot.context.embedded.FilterRegistrationBean]-Mapping filter: 'hiddenHttpMethodFilter' to: [/*]
[INFO] 2023-04-21 13:43:51 [class:org.springframework.boot.context.embedded.FilterRegistrationBean]-Mapping filter: 'httpPutFormContentFilter' to: [/*]
[INFO] 2023-04-21 13:43:51 [class:org.springframework.boot.context.embedded.FilterRegistrationBean]-Mapping filter: 'requestContextFilter' to: [/*]
[INFO] 2023-04-21 13:43:51 [class:org.springframework.boot.context.embedded.FilterRegistrationBean]-Mapping filter: 'myFilter' to urls: [/*]
[INFO] 2023-04-21 13:43:51 [class:com.boot.test.Linstener.myListener]-contextInitialized
[INFO] 2023-04-21 13:43:51 [class:com.boot.test.Filter.myFilter]-init()
[INFO] 2023-04-21 13:43:51 [class:com.boot.test.environment.MyEnvironment]-springEL表达式获取的值:jdbc:mysql://localhost:3306/springdatabase?characterEncoding=utf8&useSSL=false&serverTimezone=UTC&rewriteBatchedStatements=true&allowPublicKeyRetrieval=true
[INFO] 2023-04-21 13:43:51 [class:com.boot.test.environment.MyEnvironment]-JAVA_HOME:D:\java_jdk\jdk1.8.0_172
[INFO] 2023-04-21 13:43:51 [class:com.boot.test.environment.MyEnvironment]-spring.datasource.url:jdbc:mysql://localhost:3306/springdatabase?characterEncoding=utf8&useSSL=false&serverTimezone=UTC&rewriteBatchedStatements=true&allowPublicKeyRetrieval=true
[INFO] 2023-04-21 13:43:51 [class:com.boot.test.environment.MyEnvironment]-通过前缀获取的url:jdbc:mysql://localhost:3306/springdatabase?characterEncoding=utf8&useSSL=false&serverTimezone=UTC&rewriteBatchedStatements=true&allowPublicKeyRetrieval=true
[INFO] 2023-04-21 13:43:53 [class:com.boot.test.environment.MyEnvironment]-通过前缀获取的driverClassName:com.mysql.cj.jdbc.Driver
[INFO] 2023-04-21 13:43:53 [class:org.springframework.web.servlet.mvc.method.annotation.RequestMappingHandlerAdapter]-Looking for @ControllerAdvice: org.springframework.boot.context.embedded.AnnotationConfigEmbeddedWebApplicationContext@21530a08: startup date [Fri Apr 21 13:43:50 CST 2023]; root of context hierarchy
[INFO] 2023-04-21 13:43:53 [class:org.springframework.web.servlet.mvc.method.annotation.RequestMappingHandlerMapping]-Mapped "{[/index]}" onto public java.lang.String com.boot.test.controller.HelloJSPController.hello(org.springframework.ui.ModelMap)
[INFO] 2023-04-21 13:43:53 [class:org.springframework.web.servlet.mvc.method.annotation.RequestMappingHandlerMapping]-Mapped "{[/error]}" onto public org.springframework.http.ResponseEntity<java.util.Map<java.lang.String, java.lang.Object>> org.springframework.boot.autoconfigure.web.BasicErrorController.error(javax.servlet.http.HttpServletRequest)
[INFO] 2023-04-21 13:43:53 [class:org.springframework.web.servlet.mvc.method.annotation.RequestMappingHandlerMapping]-Mapped "{[/error],produces=[text/html]}" onto public org.springframework.web.servlet.ModelAndView org.springframework.boot.autoconfigure.web.BasicErrorController.errorHtml(javax.servlet.http.HttpServletRequest,javax.servlet.http.HttpServletResponse)
[INFO] 2023-04-21 13:43:53 [class:org.springframework.web.servlet.handler.SimpleUrlHandlerMapping]-Mapped URL path [/webjars/**] onto handler of type [class org.springframework.web.servlet.resource.ResourceHttpRequestHandler]
[INFO] 2023-04-21 13:43:53 [class:org.springframework.web.servlet.handler.SimpleUrlHandlerMapping]-Mapped URL path [/**] onto handler of type [class org.springframework.web.servlet.resource.ResourceHttpRequestHandler]
[INFO] 2023-04-21 13:43:53 [class:org.springframework.web.servlet.handler.SimpleUrlHandlerMapping]-Mapped URL path [/**/favicon.ico] onto handler of type [class org.springframework.web.servlet.resource.ResourceHttpRequestHandler]
[INFO] 2023-04-21 13:43:53 [class:org.springframework.jmx.export.annotation.AnnotationMBeanExporter]-Registering beans for JMX exposure on startup
[INFO] 2023-04-21 13:43:53 [class:org.springframework.boot.context.embedded.tomcat.TomcatEmbeddedServletContainer]-Tomcat started on port(s): 8080 (http)
[INFO] 2023-04-21 13:43:53 [class:com.boot.test.runner.MyCommandRunner1]-执行启动任务*******01
[INFO] 2023-04-21 13:43:53 [class:com.boot.test.runner.MyCommandRunner2]-执行启动任务******02
[INFO] 2023-04-21 13:43:53 [class:com.boot.test.App]-Started App in 3.742 seconds (JVM running for 6.833)
[INFO] 2023-04-21 14:11:57 [class:org.springframework.boot.context.embedded.AnnotationConfigEmbeddedWebApplicationContext]-Closing org.springframework.boot.context.embedded.AnnotationConfigEmbeddedWebApplicationContext@21530a08: startup date [Fri Apr 21 13:43:50 CST 2023]; root of context hierarchy
[INFO] 2023-04-21 14:11:57 [class:org.springframework.jmx.export.annotation.AnnotationMBeanExporter]-Unregistering JMX-exposed beans on shutdown
[INFO] 2023-04-21 14:11:57 [class:com.boot.test.Filter.myFilter]-destroy()
[INFO] 2023-04-21 14:11:57 [class:com.boot.test.Linstener.myListener]-contextDestroyed
[INFO] 2023-04-21 14:12:01 [class:com.boot.test.App]-Starting App on LAPTOP-OKAUR9GJ with PID 21436 (G:\worlingArea\MyProject\SpringCompleteStudyNotes\Spring_Boot_JSP\target\classes started by msl in G:\worlingArea\MyProject\SpringCompleteStudyNotes\Spring_Boot_JSP)
[INFO] 2023-04-21 14:12:01 [class:com.boot.test.App]-No active profile set, falling back to default profiles: default
[INFO] 2023-04-21 14:12:01 [class:org.springframework.boot.context.embedded.AnnotationConfigEmbeddedWebApplicationContext]-Refreshing org.springframework.boot.context.embedded.AnnotationConfigEmbeddedWebApplicationContext@20a166fa: startup date [Fri Apr 21 14:12:01 CST 2023]; root of context hierarchy
[INFO] 2023-04-21 14:12:01 [class:org.hibernate.validator.internal.util.Version]-HV000001: Hibernate Validator 5.2.4.Final
[INFO] 2023-04-21 14:12:02 [class:org.springframework.beans.factory.support.DefaultListableBeanFactory]-Overriding bean definition for bean 'beanNameViewResolver' with a different definition: replacing [Root bean: class [null]; scope=; abstract=false; lazyInit=false; autowireMode=3; dependencyCheck=0; autowireCandidate=true; primary=false; factoryBeanName=org.springframework.boot.autoconfigure.web.ErrorMvcAutoConfiguration$WhitelabelErrorViewConfiguration; factoryMethodName=beanNameViewResolver; initMethodName=null; destroyMethodName=(inferred); defined in class path resource [org/springframework/boot/autoconfigure/web/ErrorMvcAutoConfiguration$WhitelabelErrorViewConfiguration.class]] with [Root bean: class [null]; scope=; abstract=false; lazyInit=false; autowireMode=3; dependencyCheck=0; autowireCandidate=true; primary=false; factoryBeanName=org.springframework.boot.autoconfigure.web.WebMvcAutoConfiguration$WebMvcAutoConfigurationAdapter; factoryMethodName=beanNameViewResolver; initMethodName=null; destroyMethodName=(inferred); defined in class path resource [org/springframework/boot/autoconfigure/web/WebMvcAutoConfiguration$WebMvcAutoConfigurationAdapter.class]]
[INFO] 2023-04-21 14:12:02 [class:org.springframework.boot.context.embedded.tomcat.TomcatEmbeddedServletContainer]-Tomcat initialized with port(s): 8080 (http)
[INFO] 2023-04-21 14:12:02 [class:org.springframework.web.context.ContextLoader]-Root WebApplicationContext: initialization completed in 927 ms
[INFO] 2023-04-21 14:12:02 [class:org.springframework.boot.context.embedded.ServletRegistrationBean]-Mapping servlet: 'dispatcherServlet' to [/]
[INFO] 2023-04-21 14:12:02 [class:org.springframework.boot.context.embedded.ServletRegistrationBean]-Mapping servlet: 'servlet1' to [/myServlet/*]
[INFO] 2023-04-21 14:12:02 [class:org.springframework.boot.context.embedded.ServletRegistrationBean]-Mapping servlet: 'servlet2' to [/myServlet2/*]
[INFO] 2023-04-21 14:12:02 [class:org.springframework.boot.context.embedded.FilterRegistrationBean]-Mapping filter: 'characterEncodingFilter' to: [/*]
[INFO] 2023-04-21 14:12:02 [class:org.springframework.boot.context.embedded.FilterRegistrationBean]-Mapping filter: 'hiddenHttpMethodFilter' to: [/*]
[INFO] 2023-04-21 14:12:02 [class:org.springframework.boot.context.embedded.FilterRegistrationBean]-Mapping filter: 'httpPutFormContentFilter' to: [/*]
[INFO] 2023-04-21 14:12:02 [class:org.springframework.boot.context.embedded.FilterRegistrationBean]-Mapping filter: 'requestContextFilter' to: [/*]
[INFO] 2023-04-21 14:12:02 [class:org.springframework.boot.context.embedded.FilterRegistrationBean]-Mapping filter: 'myFilter' to urls: [/*]
[INFO] 2023-04-21 14:12:02 [class:com.boot.test.Linstener.myListener]-contextInitialized
[INFO] 2023-04-21 14:12:02 [class:com.boot.test.Filter.myFilter]-init()
[INFO] 2023-04-21 14:12:02 [class:com.boot.test.controller.SystemEnvironmentController]-控制器中获取的系统环境变量:D:\java_jdk\jdk1.8.0_172
[INFO] 2023-04-21 14:12:02 [class:com.boot.test.environment.MyEnvironment]-springEL表达式获取的值:jdbc:mysql://localhost:3306/springdatabase?characterEncoding=utf8&useSSL=false&serverTimezone=UTC&rewriteBatchedStatements=true&allowPublicKeyRetrieval=true
[INFO] 2023-04-21 14:12:02 [class:com.boot.test.environment.MyEnvironment]-JAVA_HOME:D:\java_jdk\jdk1.8.0_172
[INFO] 2023-04-21 14:12:02 [class:com.boot.test.environment.MyEnvironment]-spring.datasource.url:jdbc:mysql://localhost:3306/springdatabase?characterEncoding=utf8&useSSL=false&serverTimezone=UTC&rewriteBatchedStatements=true&allowPublicKeyRetrieval=true
[INFO] 2023-04-21 14:12:02 [class:com.boot.test.environment.MyEnvironment]-通过前缀获取的url:jdbc:mysql://localhost:3306/springdatabase?characterEncoding=utf8&useSSL=false&serverTimezone=UTC&rewriteBatchedStatements=true&allowPublicKeyRetrieval=true
[INFO] 2023-04-21 14:12:02 [class:com.boot.test.environment.MyEnvironment]-通过前缀获取的driverClassName:com.mysql.cj.jdbc.Driver
[INFO] 2023-04-21 14:12:03 [class:org.springframework.web.servlet.mvc.method.annotation.RequestMappingHandlerAdapter]-Looking for @ControllerAdvice: org.springframework.boot.context.embedded.AnnotationConfigEmbeddedWebApplicationContext@20a166fa: startup date [Fri Apr 21 14:12:01 CST 2023]; root of context hierarchy
[INFO] 2023-04-21 14:12:03 [class:org.springframework.web.servlet.mvc.method.annotation.RequestMappingHandlerMapping]-Mapped "{[/index]}" onto public java.lang.String com.boot.test.controller.HelloJSPController.hello(org.springframework.ui.ModelMap)
[INFO] 2023-04-21 14:12:03 [class:org.springframework.web.servlet.mvc.method.annotation.RequestMappingHandlerMapping]-Mapped "{[/system/getJavaHome],methods=[GET]}" onto public java.lang.String com.boot.test.controller.SystemEnvironmentController.getJava_home()
[INFO] 2023-04-21 14:12:03 [class:org.springframework.web.servlet.mvc.method.annotation.RequestMappingHandlerMapping]-Mapped "{[/error]}" onto public org.springframework.http.ResponseEntity<java.util.Map<java.lang.String, java.lang.Object>> org.springframework.boot.autoconfigure.web.BasicErrorController.error(javax.servlet.http.HttpServletRequest)
[INFO] 2023-04-21 14:12:03 [class:org.springframework.web.servlet.mvc.method.annotation.RequestMappingHandlerMapping]-Mapped "{[/error],produces=[text/html]}" onto public org.springframework.web.servlet.ModelAndView org.springframework.boot.autoconfigure.web.BasicErrorController.errorHtml(javax.servlet.http.HttpServletRequest,javax.servlet.http.HttpServletResponse)
[INFO] 2023-04-21 14:12:03 [class:org.springframework.web.servlet.handler.SimpleUrlHandlerMapping]-Mapped URL path [/webjars/**] onto handler of type [class org.springframework.web.servlet.resource.ResourceHttpRequestHandler]
[INFO] 2023-04-21 14:12:03 [class:org.springframework.web.servlet.handler.SimpleUrlHandlerMapping]-Mapped URL path [/**] onto handler of type [class org.springframework.web.servlet.resource.ResourceHttpRequestHandler]
[INFO] 2023-04-21 14:12:03 [class:org.springframework.web.servlet.handler.SimpleUrlHandlerMapping]-Mapped URL path [/**/favicon.ico] onto handler of type [class org.springframework.web.servlet.resource.ResourceHttpRequestHandler]
[INFO] 2023-04-21 14:12:03 [class:org.springframework.jmx.export.annotation.AnnotationMBeanExporter]-Registering beans for JMX exposure on startup
[INFO] 2023-04-21 14:12:03 [class:org.springframework.boot.context.embedded.tomcat.TomcatEmbeddedServletContainer]-Tomcat started on port(s): 8080 (http)
[INFO] 2023-04-21 14:12:03 [class:com.boot.test.runner.MyCommandRunner1]-执行启动任务*******01
[INFO] 2023-04-21 14:12:03 [class:com.boot.test.runner.MyCommandRunner2]-执行启动任务******02
[INFO] 2023-04-21 14:12:03 [class:com.boot.test.App]-Started App in 1.76 seconds (JVM running for 4.824)
[INFO] 2023-04-21 14:12:39 [class:org.springframework.web.servlet.DispatcherServlet]-FrameworkServlet 'dispatcherServlet': initialization started
[INFO] 2023-04-21 14:12:39 [class:org.springframework.web.servlet.DispatcherServlet]-FrameworkServlet 'dispatcherServlet': initialization completed in 12 ms
[INFO] 2023-04-21 14:12:39 [class:com.boot.test.Filter.myFilter]-doFilter()
[INFO] 2023-04-21 14:12:39 [class:com.boot.test.Filter.myFilter]-before filter
[INFO] 2023-04-21 14:12:39 [class:com.boot.test.Filter.myFilter]-after filter
[INFO] 2023-04-21 14:12:39 [class:com.boot.test.interceptors.MyInterceptor1]-preHandle...
[INFO] 2023-04-21 14:12:39 [class:com.boot.test.interceptors.MyInterceptor2]-MyInterceptor2 中 preHandle....
[INFO] 2023-04-21 14:12:39 [class:com.boot.test.interceptors.MyInterceptor2]-MyInterceptor2 中 postHandle....
[INFO] 2023-04-21 14:12:39 [class:com.boot.test.interceptors.MyInterceptor1]-postHandle...
[INFO] 2023-04-21 14:12:39 [class:com.boot.test.interceptors.MyInterceptor2]-MyInterceptor2 中 afterCompletion....
[INFO] 2023-04-21 14:12:39 [class:com.boot.test.interceptors.MyInterceptor1]-afterCompletion......
[INFO] 2023-04-21 14:13:24 [class:com.boot.test.Filter.myFilter]-doFilter()
[INFO] 2023-04-21 14:13:24 [class:com.boot.test.Filter.myFilter]-before filter
[INFO] 2023-04-21 14:13:24 [class:com.boot.test.Filter.myFilter]-after filter
[INFO] 2023-04-21 14:13:24 [class:com.boot.test.interceptors.MyInterceptor1]-preHandle...
[INFO] 2023-04-21 14:13:24 [class:com.boot.test.interceptors.MyInterceptor2]-MyInterceptor2 中 preHandle....
[INFO] 2023-04-21 14:13:29 [class:com.boot.test.interceptors.MyInterceptor2]-MyInterceptor2 中 postHandle....
[INFO] 2023-04-21 14:13:29 [class:com.boot.test.interceptors.MyInterceptor1]-postHandle...
[INFO] 2023-04-21 14:13:29 [class:com.boot.test.interceptors.MyInterceptor2]-MyInterceptor2 中 afterCompletion....
[INFO] 2023-04-21 14:13:29 [class:com.boot.test.interceptors.MyInterceptor1]-afterCompletion......
[INFO] 2023-04-21 14:14:04 [class:org.springframework.boot.context.embedded.AnnotationConfigEmbeddedWebApplicationContext]-Closing org.springframework.boot.context.embedded.AnnotationConfigEmbeddedWebApplicationContext@20a166fa: startup date [Fri Apr 21 14:12:01 CST 2023]; root of context hierarchy
[INFO] 2023-04-21 14:14:04 [class:org.springframework.jmx.export.annotation.AnnotationMBeanExporter]-Unregistering JMX-exposed beans on shutdown
[INFO] 2023-04-21 14:14:04 [class:com.boot.test.Filter.myFilter]-destroy()
[INFO] 2023-04-21 14:14:04 [class:com.boot.test.Linstener.myListener]-contextDestroyed
[INFO] 2023-04-21 14:14:07 [class:com.boot.test.App]-Starting App on LAPTOP-OKAUR9GJ with PID 2232 (G:\worlingArea\MyProject\SpringCompleteStudyNotes\Spring_Boot_JSP\target\classes started by msl in G:\worlingArea\MyProject\SpringCompleteStudyNotes\Spring_Boot_JSP)
[INFO] 2023-04-21 14:14:07 [class:com.boot.test.App]-No active profile set, falling back to default profiles: default
[INFO] 2023-04-21 14:14:07 [class:org.springframework.boot.context.embedded.AnnotationConfigEmbeddedWebApplicationContext]-Refreshing org.springframework.boot.context.embedded.AnnotationConfigEmbeddedWebApplicationContext@767d98ba: startup date [Fri Apr 21 14:14:07 CST 2023]; root of context hierarchy
[INFO] 2023-04-21 14:14:07 [class:org.hibernate.validator.internal.util.Version]-HV000001: Hibernate Validator 5.2.4.Final
[INFO] 2023-04-21 14:14:08 [class:org.springframework.beans.factory.support.DefaultListableBeanFactory]-Overriding bean definition for bean 'beanNameViewResolver' with a different definition: replacing [Root bean: class [null]; scope=; abstract=false; lazyInit=false; autowireMode=3; dependencyCheck=0; autowireCandidate=true; primary=false; factoryBeanName=org.springframework.boot.autoconfigure.web.ErrorMvcAutoConfiguration$WhitelabelErrorViewConfiguration; factoryMethodName=beanNameViewResolver; initMethodName=null; destroyMethodName=(inferred); defined in class path resource [org/springframework/boot/autoconfigure/web/ErrorMvcAutoConfiguration$WhitelabelErrorViewConfiguration.class]] with [Root bean: class [null]; scope=; abstract=false; lazyInit=false; autowireMode=3; dependencyCheck=0; autowireCandidate=true; primary=false; factoryBeanName=org.springframework.boot.autoconfigure.web.WebMvcAutoConfiguration$WebMvcAutoConfigurationAdapter; factoryMethodName=beanNameViewResolver; initMethodName=null; destroyMethodName=(inferred); defined in class path resource [org/springframework/boot/autoconfigure/web/WebMvcAutoConfiguration$WebMvcAutoConfigurationAdapter.class]]
[INFO] 2023-04-21 14:14:08 [class:org.springframework.boot.context.embedded.tomcat.TomcatEmbeddedServletContainer]-Tomcat initialized with port(s): 8080 (http)
[INFO] 2023-04-21 14:14:08 [class:org.springframework.web.context.ContextLoader]-Root WebApplicationContext: initialization completed in 892 ms
[INFO] 2023-04-21 14:14:08 [class:org.springframework.boot.context.embedded.ServletRegistrationBean]-Mapping servlet: 'dispatcherServlet' to [/]
[INFO] 2023-04-21 14:14:08 [class:org.springframework.boot.context.embedded.ServletRegistrationBean]-Mapping servlet: 'servlet1' to [/myServlet/*]
[INFO] 2023-04-21 14:14:08 [class:org.springframework.boot.context.embedded.ServletRegistrationBean]-Mapping servlet: 'servlet2' to [/myServlet2/*]
[INFO] 2023-04-21 14:14:08 [class:org.springframework.boot.context.embedded.FilterRegistrationBean]-Mapping filter: 'characterEncodingFilter' to: [/*]
[INFO] 2023-04-21 14:14:08 [class:org.springframework.boot.context.embedded.FilterRegistrationBean]-Mapping filter: 'hiddenHttpMethodFilter' to: [/*]
[INFO] 2023-04-21 14:14:08 [class:org.springframework.boot.context.embedded.FilterRegistrationBean]-Mapping filter: 'httpPutFormContentFilter' to: [/*]
[INFO] 2023-04-21 14:14:08 [class:org.springframework.boot.context.embedded.FilterRegistrationBean]-Mapping filter: 'requestContextFilter' to: [/*]
[INFO] 2023-04-21 14:14:08 [class:org.springframework.boot.context.embedded.FilterRegistrationBean]-Mapping filter: 'myFilter' to urls: [/*]
[INFO] 2023-04-21 14:14:08 [class:com.boot.test.Linstener.myListener]-contextInitialized
[INFO] 2023-04-21 14:14:08 [class:com.boot.test.Filter.myFilter]-init()
[INFO] 2023-04-21 14:14:08 [class:com.boot.test.controller.SystemEnvironmentController]-控制器中获取的系统环境变量:D:\java_jdk\jdk1.8.0_172
[INFO] 2023-04-21 14:14:08 [class:com.boot.test.environment.MyEnvironment]-springEL表达式获取的值:jdbc:mysql://localhost:3306/springdatabase?characterEncoding=utf8&useSSL=false&serverTimezone=UTC&rewriteBatchedStatements=true&allowPublicKeyRetrieval=true
[INFO] 2023-04-21 14:14:08 [class:com.boot.test.environment.MyEnvironment]-JAVA_HOME:D:\java_jdk\jdk1.8.0_172
[INFO] 2023-04-21 14:14:08 [class:com.boot.test.environment.MyEnvironment]-spring.datasource.url:jdbc:mysql://localhost:3306/springdatabase?characterEncoding=utf8&useSSL=false&serverTimezone=UTC&rewriteBatchedStatements=true&allowPublicKeyRetrieval=true
[INFO] 2023-04-21 14:14:08 [class:com.boot.test.environment.MyEnvironment]-通过前缀获取的url:jdbc:mysql://localhost:3306/springdatabase?characterEncoding=utf8&useSSL=false&serverTimezone=UTC&rewriteBatchedStatements=true&allowPublicKeyRetrieval=true
[INFO] 2023-04-21 14:14:08 [class:com.boot.test.environment.MyEnvironment]-通过前缀获取的driverClassName:com.mysql.cj.jdbc.Driver
[INFO] 2023-04-21 14:14:09 [class:org.springframework.web.servlet.mvc.method.annotation.RequestMappingHandlerAdapter]-Looking for @ControllerAdvice: org.springframework.boot.context.embedded.AnnotationConfigEmbeddedWebApplicationContext@767d98ba: startup date [Fri Apr 21 14:14:07 CST 2023]; root of context hierarchy
[INFO] 2023-04-21 14:14:09 [class:org.springframework.web.servlet.mvc.method.annotation.RequestMappingHandlerMapping]-Mapped "{[/index]}" onto public java.lang.String com.boot.test.controller.HelloJSPController.hello(org.springframework.ui.ModelMap)
[INFO] 2023-04-21 14:14:09 [class:org.springframework.web.servlet.mvc.method.annotation.RequestMappingHandlerMapping]-Mapped "{[/system/getJavaHome],methods=[GET]}" onto public java.lang.String com.boot.test.controller.SystemEnvironmentController.getJava_home()
[INFO] 2023-04-21 14:14:09 [class:org.springframework.web.servlet.mvc.method.annotation.RequestMappingHandlerMapping]-Mapped "{[/error]}" onto public org.springframework.http.ResponseEntity<java.util.Map<java.lang.String, java.lang.Object>> org.springframework.boot.autoconfigure.web.BasicErrorController.error(javax.servlet.http.HttpServletRequest)
[INFO] 2023-04-21 14:14:09 [class:org.springframework.web.servlet.mvc.method.annotation.RequestMappingHandlerMapping]-Mapped "{[/error],produces=[text/html]}" onto public org.springframework.web.servlet.ModelAndView org.springframework.boot.autoconfigure.web.BasicErrorController.errorHtml(javax.servlet.http.HttpServletRequest,javax.servlet.http.HttpServletResponse)
[INFO] 2023-04-21 14:14:09 [class:org.springframework.web.servlet.handler.SimpleUrlHandlerMapping]-Mapped URL path [/webjars/**] onto handler of type [class org.springframework.web.servlet.resource.ResourceHttpRequestHandler]
[INFO] 2023-04-21 14:14:09 [class:org.springframework.web.servlet.handler.SimpleUrlHandlerMapping]-Mapped URL path [/**] onto handler of type [class org.springframework.web.servlet.resource.ResourceHttpRequestHandler]
[INFO] 2023-04-21 14:14:09 [class:org.springframework.web.servlet.handler.SimpleUrlHandlerMapping]-Mapped URL path [/**/favicon.ico] onto handler of type [class org.springframework.web.servlet.resource.ResourceHttpRequestHandler]
[INFO] 2023-04-21 14:14:09 [class:org.springframework.jmx.export.annotation.AnnotationMBeanExporter]-Registering beans for JMX exposure on startup
[INFO] 2023-04-21 14:14:09 [class:org.springframework.boot.context.embedded.tomcat.TomcatEmbeddedServletContainer]-Tomcat started on port(s): 8080 (http)
[INFO] 2023-04-21 14:14:09 [class:com.boot.test.runner.MyCommandRunner1]-执行启动任务*******01
[INFO] 2023-04-21 14:14:09 [class:com.boot.test.runner.MyCommandRunner2]-执行启动任务******02
[INFO] 2023-04-21 14:14:09 [class:com.boot.test.App]-Started App in 1.693 seconds (JVM running for 4.416)
[INFO] 2023-04-21 14:14:37 [class:org.springframework.web.servlet.DispatcherServlet]-FrameworkServlet 'dispatcherServlet': initialization started
[INFO] 2023-04-21 14:14:37 [class:org.springframework.web.servlet.DispatcherServlet]-FrameworkServlet 'dispatcherServlet': initialization completed in 11 ms
[INFO] 2023-04-21 14:14:37 [class:com.boot.test.Filter.myFilter]-doFilter()
[INFO] 2023-04-21 14:14:37 [class:com.boot.test.Filter.myFilter]-before filter
[INFO] 2023-04-21 14:14:37 [class:com.boot.test.interceptors.MyInterceptor1]-preHandle...
[INFO] 2023-04-21 14:14:37 [class:com.boot.test.interceptors.MyInterceptor2]-MyInterceptor2 中 preHandle....
[INFO] 2023-04-21 14:14:40 [class:com.boot.test.interceptors.MyInterceptor2]-MyInterceptor2 中 postHandle....
[INFO] 2023-04-21 14:14:40 [class:com.boot.test.interceptors.MyInterceptor1]-postHandle...
[INFO] 2023-04-21 14:14:40 [class:com.boot.test.interceptors.MyInterceptor2]-MyInterceptor2 中 afterCompletion....
[INFO] 2023-04-21 14:14:40 [class:com.boot.test.interceptors.MyInterceptor1]-afterCompletion......
[INFO] 2023-04-21 14:14:40 [class:com.boot.test.Filter.myFilter]-after filter
[INFO] 2023-04-21 14:15:04 [class:com.boot.test.Filter.myFilter]-doFilter()
[INFO] 2023-04-21 14:15:04 [class:com.boot.test.Filter.myFilter]-before filter
[INFO] 2023-04-21 14:15:04 [class:com.boot.test.interceptors.MyInterceptor1]-preHandle...
[INFO] 2023-04-21 14:15:04 [class:com.boot.test.interceptors.MyInterceptor2]-MyInterceptor2 中 preHandle....
[INFO] 2023-04-21 14:15:09 [class:com.boot.test.interceptors.MyInterceptor2]-MyInterceptor2 中 postHandle....
[INFO] 2023-04-21 14:15:09 [class:com.boot.test.interceptors.MyInterceptor1]-postHandle...
[INFO] 2023-04-21 14:15:09 [class:com.boot.test.interceptors.MyInterceptor2]-MyInterceptor2 中 afterCompletion....
[INFO] 2023-04-21 14:15:09 [class:com.boot.test.interceptors.MyInterceptor1]-afterCompletion......
[INFO] 2023-04-21 14:15:09 [class:com.boot.test.Filter.myFilter]-after filter
[INFO] 2023-04-21 14:15:14 [class:com.boot.test.Filter.myFilter]-doFilter()
[INFO] 2023-04-21 14:15:14 [class:com.boot.test.Filter.myFilter]-before filter
[INFO] 2023-04-21 14:15:14 [class:com.boot.test.interceptors.MyInterceptor1]-preHandle...
[INFO] 2023-04-21 14:15:14 [class:com.boot.test.interceptors.MyInterceptor2]-MyInterceptor2 中 preHandle....
[INFO] 2023-04-21 14:15:27 [class:com.boot.test.interceptors.MyInterceptor2]-MyInterceptor2 中 afterCompletion....
[INFO] 2023-04-21 14:15:27 [class:com.boot.test.interceptors.MyInterceptor1]-afterCompletion......
[INFO] 2023-04-21 14:16:27 [class:org.springframework.boot.context.embedded.AnnotationConfigEmbeddedWebApplicationContext]-Closing org.springframework.boot.context.embedded.AnnotationConfigEmbeddedWebApplicationContext@767d98ba: startup date [Fri Apr 21 14:14:07 CST 2023]; root of context hierarchy
[INFO] 2023-04-21 14:16:27 [class:org.springframework.jmx.export.annotation.AnnotationMBeanExporter]-Unregistering JMX-exposed beans on shutdown
[INFO] 2023-04-21 14:16:27 [class:com.boot.test.Filter.myFilter]-destroy()
[INFO] 2023-04-21 14:16:27 [class:com.boot.test.Linstener.myListener]-contextDestroyed
[INFO] 2023-04-21 14:16:32 [class:com.boot.test.App]-Starting App on LAPTOP-OKAUR9GJ with PID 20148 (G:\worlingArea\MyProject\SpringCompleteStudyNotes\Spring_Boot_JSP\target\classes started by msl in G:\worlingArea\MyProject\SpringCompleteStudyNotes\Spring_Boot_JSP)
[INFO] 2023-04-21 14:16:32 [class:com.boot.test.App]-No active profile set, falling back to default profiles: default
[INFO] 2023-04-21 14:16:32 [class:org.springframework.boot.context.embedded.AnnotationConfigEmbeddedWebApplicationContext]-Refreshing org.springframework.boot.context.embedded.AnnotationConfigEmbeddedWebApplicationContext@1275335f: startup date [Fri Apr 21 14:16:32 CST 2023]; root of context hierarchy
[INFO] 2023-04-21 14:16:32 [class:org.hibernate.validator.internal.util.Version]-HV000001: Hibernate Validator 5.2.4.Final
[INFO] 2023-04-21 14:16:32 [class:org.springframework.beans.factory.support.DefaultListableBeanFactory]-Overriding bean definition for bean 'beanNameViewResolver' with a different definition: replacing [Root bean: class [null]; scope=; abstract=false; lazyInit=false; autowireMode=3; dependencyCheck=0; autowireCandidate=true; primary=false; factoryBeanName=org.springframework.boot.autoconfigure.web.ErrorMvcAutoConfiguration$WhitelabelErrorViewConfiguration; factoryMethodName=beanNameViewResolver; initMethodName=null; destroyMethodName=(inferred); defined in class path resource [org/springframework/boot/autoconfigure/web/ErrorMvcAutoConfiguration$WhitelabelErrorViewConfiguration.class]] with [Root bean: class [null]; scope=; abstract=false; lazyInit=false; autowireMode=3; dependencyCheck=0; autowireCandidate=true; primary=false; factoryBeanName=org.springframework.boot.autoconfigure.web.WebMvcAutoConfiguration$WebMvcAutoConfigurationAdapter; factoryMethodName=beanNameViewResolver; initMethodName=null; destroyMethodName=(inferred); defined in class path resource [org/springframework/boot/autoconfigure/web/WebMvcAutoConfiguration$WebMvcAutoConfigurationAdapter.class]]
[INFO] 2023-04-21 14:16:33 [class:org.springframework.boot.context.embedded.tomcat.TomcatEmbeddedServletContainer]-Tomcat initialized with port(s): 8080 (http)
[INFO] 2023-04-21 14:16:33 [class:org.springframework.web.context.ContextLoader]-Root WebApplicationContext: initialization completed in 891 ms
[INFO] 2023-04-21 14:16:33 [class:org.springframework.boot.context.embedded.ServletRegistrationBean]-Mapping servlet: 'dispatcherServlet' to [/]
[INFO] 2023-04-21 14:16:33 [class:org.springframework.boot.context.embedded.ServletRegistrationBean]-Mapping servlet: 'servlet1' to [/myServlet/*]
[INFO] 2023-04-21 14:16:33 [class:org.springframework.boot.context.embedded.ServletRegistrationBean]-Mapping servlet: 'servlet2' to [/myServlet2/*]
[INFO] 2023-04-21 14:16:33 [class:org.springframework.boot.context.embedded.FilterRegistrationBean]-Mapping filter: 'characterEncodingFilter' to: [/*]
[INFO] 2023-04-21 14:16:33 [class:org.springframework.boot.context.embedded.FilterRegistrationBean]-Mapping filter: 'hiddenHttpMethodFilter' to: [/*]
[INFO] 2023-04-21 14:16:33 [class:org.springframework.boot.context.embedded.FilterRegistrationBean]-Mapping filter: 'httpPutFormContentFilter' to: [/*]
[INFO] 2023-04-21 14:16:33 [class:org.springframework.boot.context.embedded.FilterRegistrationBean]-Mapping filter: 'requestContextFilter' to: [/*]
[INFO] 2023-04-21 14:16:33 [class:org.springframework.boot.context.embedded.FilterRegistrationBean]-Mapping filter: 'myFilter' to urls: [/*]
[INFO] 2023-04-21 14:16:33 [class:com.boot.test.Linstener.myListener]-contextInitialized
[INFO] 2023-04-21 14:16:33 [class:com.boot.test.Filter.myFilter]-init()
[INFO] 2023-04-21 14:16:38 [class:com.boot.test.controller.SystemEnvironmentController]-控制器中获取的系统环境变量:D:\java_jdk\jdk1.8.0_172
[INFO] 2023-04-21 14:16:38 [class:com.boot.test.environment.MyEnvironment]-springEL表达式获取的值:jdbc:mysql://localhost:3306/springdatabase?characterEncoding=utf8&useSSL=false&serverTimezone=UTC&rewriteBatchedStatements=true&allowPublicKeyRetrieval=true
[INFO] 2023-04-21 14:16:38 [class:com.boot.test.environment.MyEnvironment]-JAVA_HOME:D:\java_jdk\jdk1.8.0_172
[INFO] 2023-04-21 14:16:38 [class:com.boot.test.environment.MyEnvironment]-spring.datasource.url:jdbc:mysql://localhost:3306/springdatabase?characterEncoding=utf8&useSSL=false&serverTimezone=UTC&rewriteBatchedStatements=true&allowPublicKeyRetrieval=true
[INFO] 2023-04-21 14:16:38 [class:com.boot.test.environment.MyEnvironment]-通过前缀获取的url:jdbc:mysql://localhost:3306/springdatabase?characterEncoding=utf8&useSSL=false&serverTimezone=UTC&rewriteBatchedStatements=true&allowPublicKeyRetrieval=true
[INFO] 2023-04-21 14:16:38 [class:com.boot.test.environment.MyEnvironment]-通过前缀获取的driverClassName:com.mysql.cj.jdbc.Driver
[INFO] 2023-04-21 14:16:38 [class:org.springframework.web.servlet.mvc.method.annotation.RequestMappingHandlerAdapter]-Looking for @ControllerAdvice: org.springframework.boot.context.embedded.AnnotationConfigEmbeddedWebApplicationContext@1275335f: startup date [Fri Apr 21 14:16:32 CST 2023]; root of context hierarchy
[INFO] 2023-04-21 14:16:38 [class:org.springframework.web.servlet.mvc.method.annotation.RequestMappingHandlerMapping]-Mapped "{[/index]}" onto public java.lang.String com.boot.test.controller.HelloJSPController.hello(org.springframework.ui.ModelMap)
[INFO] 2023-04-21 14:16:38 [class:org.springframework.web.servlet.mvc.method.annotation.RequestMappingHandlerMapping]-Mapped "{[/system/getJavaHome],methods=[GET]}" onto public java.lang.String com.boot.test.controller.SystemEnvironmentController.getJava_home()
[INFO] 2023-04-21 14:16:38 [class:org.springframework.web.servlet.mvc.method.annotation.RequestMappingHandlerMapping]-Mapped "{[/error]}" onto public org.springframework.http.ResponseEntity<java.util.Map<java.lang.String, java.lang.Object>> org.springframework.boot.autoconfigure.web.BasicErrorController.error(javax.servlet.http.HttpServletRequest)
[INFO] 2023-04-21 14:16:38 [class:org.springframework.web.servlet.mvc.method.annotation.RequestMappingHandlerMapping]-Mapped "{[/error],produces=[text/html]}" onto public org.springframework.web.servlet.ModelAndView org.springframework.boot.autoconfigure.web.BasicErrorController.errorHtml(javax.servlet.http.HttpServletRequest,javax.servlet.http.HttpServletResponse)
[INFO] 2023-04-21 14:16:38 [class:org.springframework.web.servlet.handler.SimpleUrlHandlerMapping]-Mapped URL path [/webjars/**] onto handler of type [class org.springframework.web.servlet.resource.ResourceHttpRequestHandler]
[INFO] 2023-04-21 14:16:38 [class:org.springframework.web.servlet.handler.SimpleUrlHandlerMapping]-Mapped URL path [/**] onto handler of type [class org.springframework.web.servlet.resource.ResourceHttpRequestHandler]
[INFO] 2023-04-21 14:16:38 [class:org.springframework.web.servlet.handler.SimpleUrlHandlerMapping]-Mapped URL path [/**/favicon.ico] onto handler of type [class org.springframework.web.servlet.resource.ResourceHttpRequestHandler]
[INFO] 2023-04-21 14:16:38 [class:org.springframework.jmx.export.annotation.AnnotationMBeanExporter]-Registering beans for JMX exposure on startup
[INFO] 2023-04-21 14:16:38 [class:org.springframework.boot.context.embedded.tomcat.TomcatEmbeddedServletContainer]-Tomcat started on port(s): 8080 (http)
[INFO] 2023-04-21 14:16:38 [class:com.boot.test.runner.MyCommandRunner1]-执行启动任务*******01
[INFO] 2023-04-21 14:16:38 [class:com.boot.test.runner.MyCommandRunner2]-执行启动任务******02
[INFO] 2023-04-21 14:16:38 [class:com.boot.test.App]-Started App in 6.43 seconds (JVM running for 9.119)
[INFO] 2023-04-21 14:17:13 [class:org.springframework.web.servlet.DispatcherServlet]-FrameworkServlet 'dispatcherServlet': initialization started
[INFO] 2023-04-21 14:17:13 [class:org.springframework.web.servlet.DispatcherServlet]-FrameworkServlet 'dispatcherServlet': initialization completed in 11 ms
[INFO] 2023-04-21 14:17:13 [class:com.boot.test.Filter.myFilter]-doFilter()
[INFO] 2023-04-21 14:17:13 [class:com.boot.test.Filter.myFilter]-before filter
[INFO] 2023-04-21 14:17:13 [class:com.boot.test.interceptors.MyInterceptor1]-preHandle...
[INFO] 2023-04-21 14:17:13 [class:com.boot.test.interceptors.MyInterceptor2]-MyInterceptor2 中 preHandle....
[INFO] 2023-04-21 14:17:16 [class:com.boot.test.interceptors.MyInterceptor2]-MyInterceptor2 中 postHandle....
[INFO] 2023-04-21 14:17:16 [class:com.boot.test.interceptors.MyInterceptor1]-postHandle...
[INFO] 2023-04-21 14:17:16 [class:com.boot.test.interceptors.MyInterceptor2]-MyInterceptor2 中 afterCompletion....
[INFO] 2023-04-21 14:17:16 [class:com.boot.test.interceptors.MyInterceptor1]-afterCompletion......
[INFO] 2023-04-21 14:17:16 [class:com.boot.test.Filter.myFilter]-after filter
[INFO] 2023-04-21 14:29:21 [class:org.springframework.boot.context.embedded.AnnotationConfigEmbeddedWebApplicationContext]-Closing org.springframework.boot.context.embedded.AnnotationConfigEmbeddedWebApplicationContext@1275335f: startup date [Fri Apr 21 14:16:32 CST 2023]; root of context hierarchy
[INFO] 2023-04-21 14:29:21 [class:org.springframework.jmx.export.annotation.AnnotationMBeanExporter]-Unregistering JMX-exposed beans on shutdown
[INFO] 2023-04-21 14:29:21 [class:com.boot.test.Filter.myFilter]-destroy()
[INFO] 2023-04-21 14:29:21 [class:com.boot.test.Linstener.myListener]-contextDestroyed
